2014/05/26 01:41:19 [error] [exception.CException] exception 'CException' with message 'Alias "bootstrap.widgets.TbNavbar" is invalid. Make sure it points to an existing directory or file.' in C:\xampp\htdocs\yii\framework\YiiBase.php:347
Stack trace:
#0 C:\xampp\htdocs\yii\framework\web\CWidgetFactory.php(146): YiiBase::import('bootstrap.widge...', true)
#1 C:\xampp\htdocs\yii\framework\web\CBaseController.php(146): CWidgetFactory->createWidget(Object(SiteController), 'bootstrap.widge...', Array)
#2 C:\xampp\htdocs\yii\framework\web\CBaseController.php(172): CBaseController->createWidget('bootstrap.widge...', Array)
#3 C:\xampp\htdocs\yii\yanapa\themes\classic\views\layouts\main.php(135): CBaseController->widget('bootstrap.widge...', Array)
#4 C:\xampp\htdocs\yii\framework\web\CBaseController.php(126): require('C:\xampp\htdocs...')
#5 C:\xampp\htdocs\yii\framework\web\CBaseController.php(95): CBaseController->renderInternal('C:\xampp\htdocs...', Array, true)
#6 C:\xampp\htdocs\yii\framework\web\widgets\CContentDecorator.php(76): CBaseController->renderFile('C:\xampp\htdocs...', Array, true)
#7 C:\xampp\htdocs\yii\framework\web\widgets\CContentDecorator.php(54): CContentDecorator->decorate('<div id="conten...')
#8 C:\xampp\htdocs\yii\framework\web\widgets\COutputProcessor.php(44): CContentDecorator->processOutput('<div id="conten...')
#9 C:\xampp\htdocs\yii\framework\web\CBaseController.php(206): COutputProcessor->run()
#10 C:\xampp\htdocs\yii\framework\web\CBaseController.php(300): CBaseController->endWidget('CContentDecorat...')
#11 C:\xampp\htdocs\yii\yanapa\themes\classic\views\layouts\column1.php(6): CBaseController->endContent()
#12 C:\xampp\htdocs\yii\framework\web\CBaseController.php(126): require('C:\xampp\htdocs...')
#13 C:\xampp\htdocs\yii\framework\web\CBaseController.php(95): CBaseController->renderInternal('C:\xampp\htdocs...', Array, true)
#14 C:\xampp\htdocs\yii\framework\web\CController.php(784): CBaseController->renderFile('C:\xampp\htdocs...', Array, true)
#15 C:\xampp\htdocs\yii\yanapa\protected\controllers\SiteController.php(32): CController->render('index')
#16 C:\xampp\htdocs\yii\framework\web\actions\CInlineAction.php(49): SiteController->actionIndex()
#17 C:\xampp\htdocs\yii\framework\web\CController.php(308): CInlineAction->runWithParams(Array)
#18 C:\xampp\htdocs\yii\framework\web\CController.php(286): CController->runAction(Object(CInlineAction))
#19 C:\xampp\htdocs\yii\framework\web\CController.php(265): CController->runActionWithFilters(Object(CInlineAction), Array)
#20 C:\xampp\htdocs\yii\framework\web\CWebApplication.php(282): CController->run('')
#21 C:\xampp\htdocs\yii\framework\web\CWebApplication.php(141): CWebApplication->runController('')
#22 C:\xampp\htdocs\yii\framework\base\CApplication.php(180): CWebApplication->processRequest()
#23 C:\xampp\htdocs\yii\yanapa\index.php(13): CApplication->run()
#24 {main}
REQUEST_URI=/yii/yanapa/
---
2014/05/26 01:55:54 [error] [exception.CException] exception 'CException' with message 'Property "CMenu.type" is not defined.' in C:\xampp\htdocs\yii\framework\base\CComponent.php:173
Stack trace:
#0 C:\xampp\htdocs\yii\framework\web\CWidgetFactory.php(161): CComponent->__set('type', 'inverse')
#1 C:\xampp\htdocs\yii\framework\web\CBaseController.php(146): CWidgetFactory->createWidget(Object(SiteController), 'zii.widgets.CMe...', Array)
#2 C:\xampp\htdocs\yii\framework\web\CBaseController.php(172): CBaseController->createWidget('zii.widgets.CMe...', Array)
#3 C:\xampp\htdocs\yii\yanapa\themes\classic\views\layouts\main.php(135): CBaseController->widget('zii.widgets.CMe...', Array)
#4 C:\xampp\htdocs\yii\framework\web\CBaseController.php(126): require('C:\xampp\htdocs...')
#5 C:\xampp\htdocs\yii\framework\web\CBaseController.php(95): CBaseController->renderInternal('C:\xampp\htdocs...', Array, true)
#6 C:\xampp\htdocs\yii\framework\web\widgets\CContentDecorator.php(76): CBaseController->renderFile('C:\xampp\htdocs...', Array, true)
#7 C:\xampp\htdocs\yii\framework\web\widgets\CContentDecorator.php(54): CContentDecorator->decorate('<div id="conten...')
#8 C:\xampp\htdocs\yii\framework\web\widgets\COutputProcessor.php(44): CContentDecorator->processOutput('<div id="conten...')
#9 C:\xampp\htdocs\yii\framework\web\CBaseController.php(206): COutputProcessor->run()
#10 C:\xampp\htdocs\yii\framework\web\CBaseController.php(300): CBaseController->endWidget('CContentDecorat...')
#11 C:\xampp\htdocs\yii\yanapa\themes\classic\views\layouts\column1.php(6): CBaseController->endContent()
#12 C:\xampp\htdocs\yii\framework\web\CBaseController.php(126): require('C:\xampp\htdocs...')
#13 C:\xampp\htdocs\yii\framework\web\CBaseController.php(95): CBaseController->renderInternal('C:\xampp\htdocs...', Array, true)
#14 C:\xampp\htdocs\yii\framework\web\CController.php(784): CBaseController->renderFile('C:\xampp\htdocs...', Array, true)
#15 C:\xampp\htdocs\yii\yanapa\protected\controllers\SiteController.php(32): CController->render('index')
#16 C:\xampp\htdocs\yii\framework\web\actions\CInlineAction.php(49): SiteController->actionIndex()
#17 C:\xampp\htdocs\yii\framework\web\CController.php(308): CInlineAction->runWithParams(Array)
#18 C:\xampp\htdocs\yii\framework\web\CController.php(286): CController->runAction(Object(CInlineAction))
#19 C:\xampp\htdocs\yii\framework\web\CController.php(265): CController->runActionWithFilters(Object(CInlineAction), Array)
#20 C:\xampp\htdocs\yii\framework\web\CWebApplication.php(282): CController->run('')
#21 C:\xampp\htdocs\yii\framework\web\CWebApplication.php(141): CWebApplication->runController('')
#22 C:\xampp\htdocs\yii\framework\base\CApplication.php(180): CWebApplication->processRequest()
#23 C:\xampp\htdocs\yii\yanapa\index.php(13): CApplication->run()
#24 {main}
REQUEST_URI=/yii/yanapa/
---
2014/05/26 01:58:24 [error] [exception.CException] exception 'CException' with message 'Property "CMenu.type" is not defined.' in C:\xampp\htdocs\yii\framework\base\CComponent.php:173
Stack trace:
#0 C:\xampp\htdocs\yii\framework\web\CWidgetFactory.php(161): CComponent->__set('type', 'inverse')
#1 C:\xampp\htdocs\yii\framework\web\CBaseController.php(146): CWidgetFactory->createWidget(Object(SiteController), 'zii.widgets.CMe...', Array)
#2 C:\xampp\htdocs\yii\framework\web\CBaseController.php(172): CBaseController->createWidget('zii.widgets.CMe...', Array)
#3 C:\xampp\htdocs\yii\yanapa\themes\classic\views\layouts\main.php(134): CBaseController->widget('zii.widgets.CMe...', Array)
#4 C:\xampp\htdocs\yii\framework\web\CBaseController.php(126): require('C:\xampp\htdocs...')
#5 C:\xampp\htdocs\yii\framework\web\CBaseController.php(95): CBaseController->renderInternal('C:\xampp\htdocs...', Array, true)
#6 C:\xampp\htdocs\yii\framework\web\widgets\CContentDecorator.php(76): CBaseController->renderFile('C:\xampp\htdocs...', Array, true)
#7 C:\xampp\htdocs\yii\framework\web\widgets\CContentDecorator.php(54): CContentDecorator->decorate('<div id="conten...')
#8 C:\xampp\htdocs\yii\framework\web\widgets\COutputProcessor.php(44): CContentDecorator->processOutput('<div id="conten...')
#9 C:\xampp\htdocs\yii\framework\web\CBaseController.php(206): COutputProcessor->run()
#10 C:\xampp\htdocs\yii\framework\web\CBaseController.php(300): CBaseController->endWidget('CContentDecorat...')
#11 C:\xampp\htdocs\yii\yanapa\themes\classic\views\layouts\column1.php(6): CBaseController->endContent()
#12 C:\xampp\htdocs\yii\framework\web\CBaseController.php(126): require('C:\xampp\htdocs...')
#13 C:\xampp\htdocs\yii\framework\web\CBaseController.php(95): CBaseController->renderInternal('C:\xampp\htdocs...', Array, true)
#14 C:\xampp\htdocs\yii\framework\web\CController.php(784): CBaseController->renderFile('C:\xampp\htdocs...', Array, true)
#15 C:\xampp\htdocs\yii\yanapa\protected\controllers\SiteController.php(32): CController->render('index')
#16 C:\xampp\htdocs\yii\framework\web\actions\CInlineAction.php(49): SiteController->actionIndex()
#17 C:\xampp\htdocs\yii\framework\web\CController.php(308): CInlineAction->runWithParams(Array)
#18 C:\xampp\htdocs\yii\framework\web\CController.php(286): CController->runAction(Object(CInlineAction))
#19 C:\xampp\htdocs\yii\framework\web\CController.php(265): CController->runActionWithFilters(Object(CInlineAction), Array)
#20 C:\xampp\htdocs\yii\framework\web\CWebApplication.php(282): CController->run('')
#21 C:\xampp\htdocs\yii\framework\web\CWebApplication.php(141): CWebApplication->runController('')
#22 C:\xampp\htdocs\yii\framework\base\CApplication.php(180): CWebApplication->processRequest()
#23 C:\xampp\htdocs\yii\yanapa\index.php(13): CApplication->run()
#24 {main}
REQUEST_URI=/yii/yanapa/
---
2014/05/26 01:58:26 [error] [exception.CException] exception 'CException' with message 'Property "CMenu.type" is not defined.' in C:\xampp\htdocs\yii\framework\base\CComponent.php:173
Stack trace:
#0 C:\xampp\htdocs\yii\framework\web\CWidgetFactory.php(161): CComponent->__set('type', 'inverse')
#1 C:\xampp\htdocs\yii\framework\web\CBaseController.php(146): CWidgetFactory->createWidget(Object(SiteController), 'zii.widgets.CMe...', Array)
#2 C:\xampp\htdocs\yii\framework\web\CBaseController.php(172): CBaseController->createWidget('zii.widgets.CMe...', Array)
#3 C:\xampp\htdocs\yii\yanapa\themes\classic\views\layouts\main.php(134): CBaseController->widget('zii.widgets.CMe...', Array)
#4 C:\xampp\htdocs\yii\framework\web\CBaseController.php(126): require('C:\xampp\htdocs...')
#5 C:\xampp\htdocs\yii\framework\web\CBaseController.php(95): CBaseController->renderInternal('C:\xampp\htdocs...', Array, true)
#6 C:\xampp\htdocs\yii\framework\web\widgets\CContentDecorator.php(76): CBaseController->renderFile('C:\xampp\htdocs...', Array, true)
#7 C:\xampp\htdocs\yii\framework\web\widgets\CContentDecorator.php(54): CContentDecorator->decorate('<div id="conten...')
#8 C:\xampp\htdocs\yii\framework\web\widgets\COutputProcessor.php(44): CContentDecorator->processOutput('<div id="conten...')
#9 C:\xampp\htdocs\yii\framework\web\CBaseController.php(206): COutputProcessor->run()
#10 C:\xampp\htdocs\yii\framework\web\CBaseController.php(300): CBaseController->endWidget('CContentDecorat...')
#11 C:\xampp\htdocs\yii\yanapa\themes\classic\views\layouts\column1.php(6): CBaseController->endContent()
#12 C:\xampp\htdocs\yii\framework\web\CBaseController.php(126): require('C:\xampp\htdocs...')
#13 C:\xampp\htdocs\yii\framework\web\CBaseController.php(95): CBaseController->renderInternal('C:\xampp\htdocs...', Array, true)
#14 C:\xampp\htdocs\yii\framework\web\CController.php(784): CBaseController->renderFile('C:\xampp\htdocs...', Array, true)
#15 C:\xampp\htdocs\yii\yanapa\protected\controllers\SiteController.php(32): CController->render('index')
#16 C:\xampp\htdocs\yii\framework\web\actions\CInlineAction.php(49): SiteController->actionIndex()
#17 C:\xampp\htdocs\yii\framework\web\CController.php(308): CInlineAction->runWithParams(Array)
#18 C:\xampp\htdocs\yii\framework\web\CController.php(286): CController->runAction(Object(CInlineAction))
#19 C:\xampp\htdocs\yii\framework\web\CController.php(265): CController->runActionWithFilters(Object(CInlineAction), Array)
#20 C:\xampp\htdocs\yii\framework\web\CWebApplication.php(282): CController->run('')
#21 C:\xampp\htdocs\yii\framework\web\CWebApplication.php(141): CWebApplication->runController('')
#22 C:\xampp\htdocs\yii\framework\base\CApplication.php(180): CWebApplication->processRequest()
#23 C:\xampp\htdocs\yii\yanapa\index.php(13): CApplication->run()
#24 {main}
REQUEST_URI=/yii/yanapa/
---
2014/05/26 02:00:04 [error] [php] Illegal string offset 'label' (C:\xampp\htdocs\yii\framework\zii\widgets\CMenu.php:271)
Stack trace:
#0 C:\xampp\htdocs\yii\framework\zii\widgets\CMenu.php(159): CMenu->normalizeItems()
#1 C:\xampp\htdocs\yii\framework\web\CBaseController.php(147): CMenu->init()
#2 C:\xampp\htdocs\yii\framework\web\CBaseController.php(172): SiteController->createWidget()
#3 C:\xampp\htdocs\yii\yanapa\themes\classic\views\layouts\main.php(131): SiteController->widget()
#4 C:\xampp\htdocs\yii\framework\web\CBaseController.php(126): require()
#5 C:\xampp\htdocs\yii\framework\web\CBaseController.php(95): SiteController->renderInternal()
#6 C:\xampp\htdocs\yii\framework\web\widgets\CContentDecorator.php(76): SiteController->renderFile()
#7 C:\xampp\htdocs\yii\framework\web\widgets\CContentDecorator.php(54): CContentDecorator->decorate()
#8 C:\xampp\htdocs\yii\framework\web\widgets\COutputProcessor.php(44): CContentDecorator->processOutput()
#9 C:\xampp\htdocs\yii\framework\web\CBaseController.php(206): CContentDecorator->run()
#10 C:\xampp\htdocs\yii\framework\web\CBaseController.php(300): SiteController->endWidget()
#11 C:\xampp\htdocs\yii\yanapa\themes\classic\views\layouts\column1.php(6): SiteController->endContent()
#12 C:\xampp\htdocs\yii\framework\web\CBaseController.php(126): require()
#13 C:\xampp\htdocs\yii\framework\web\CBaseController.php(95): SiteController->renderInternal()
#14 C:\xampp\htdocs\yii\framework\web\CController.php(784): SiteController->renderFile()
#15 C:\xampp\htdocs\yii\yanapa\protected\controllers\SiteController.php(32): SiteController->render()
#16 C:\xampp\htdocs\yii\framework\web\actions\CInlineAction.php(49): SiteController->actionIndex()
#17 C:\xampp\htdocs\yii\framework\web\CController.php(308): CInlineAction->runWithParams()
#18 C:\xampp\htdocs\yii\framework\web\CController.php(286): SiteController->runAction()
#19 C:\xampp\htdocs\yii\framework\web\CController.php(265): SiteController->runActionWithFilters()
#20 C:\xampp\htdocs\yii\framework\web\CWebApplication.php(282): SiteController->run()
#21 C:\xampp\htdocs\yii\framework\web\CWebApplication.php(141): CWebApplication->runController()
#22 C:\xampp\htdocs\yii\framework\base\CApplication.php(180): CWebApplication->processRequest()
#23 C:\xampp\htdocs\yii\yanapa\index.php(13): CWebApplication->run()
REQUEST_URI=/yii/yanapa/
in C:\xampp\htdocs\yii\yanapa\themes\classic\views\layouts\main.php (131)
in C:\xampp\htdocs\yii\yanapa\themes\classic\views\layouts\column1.php (6)
in C:\xampp\htdocs\yii\yanapa\protected\controllers\SiteController.php (32)
2014/05/26 02:32:38 [error] [php] Illegal string offset 'label' (C:\xampp\htdocs\yii\framework\zii\widgets\CMenu.php:271)
Stack trace:
#0 C:\xampp\htdocs\yii\framework\web\CBaseController.php(172): SiteController->createWidget()
#1 C:\xampp\htdocs\yii\yanapa\themes\classic\views\layouts\main.php(127): SiteController->widget()
#2 C:\xampp\htdocs\yii\framework\web\CBaseController.php(126): require()
#3 C:\xampp\htdocs\yii\framework\web\CBaseController.php(95): SiteController->renderInternal()
#4 C:\xampp\htdocs\yii\framework\web\widgets\CContentDecorator.php(76): SiteController->renderFile()
#5 C:\xampp\htdocs\yii\framework\web\widgets\CContentDecorator.php(54): CContentDecorator->decorate()
#6 C:\xampp\htdocs\yii\framework\web\widgets\COutputProcessor.php(44): CContentDecorator->processOutput()
#7 C:\xampp\htdocs\yii\framework\web\CBaseController.php(206): CContentDecorator->run()
#8 C:\xampp\htdocs\yii\framework\web\CBaseController.php(300): SiteController->endWidget()
#9 C:\xampp\htdocs\yii\yanapa\themes\classic\views\layouts\column1.php(6): SiteController->endContent()
#10 C:\xampp\htdocs\yii\framework\web\CBaseController.php(126): require()
#11 C:\xampp\htdocs\yii\framework\web\CBaseController.php(95): SiteController->renderInternal()
#12 C:\xampp\htdocs\yii\framework\web\CController.php(784): SiteController->renderFile()
#13 C:\xampp\htdocs\yii\yanapa\protected\controllers\SiteController.php(32): SiteController->render()
#14 C:\xampp\htdocs\yii\framework\web\actions\CInlineAction.php(49): SiteController->actionIndex()
#15 C:\xampp\htdocs\yii\framework\web\CController.php(308): CInlineAction->runWithParams()
#16 C:\xampp\htdocs\yii\framework\web\CController.php(286): SiteController->runAction()
#17 C:\xampp\htdocs\yii\framework\web\CController.php(265): SiteController->runActionWithFilters()
#18 C:\xampp\htdocs\yii\framework\web\CWebApplication.php(282): SiteController->run()
#19 C:\xampp\htdocs\yii\framework\web\CWebApplication.php(141): CWebApplication->runController()
#20 C:\xampp\htdocs\yii\framework\base\CApplication.php(180): CWebApplication->processRequest()
#21 C:\xampp\htdocs\yii\yanapa\index.php(13): CWebApplication->run()
REQUEST_URI=/yii/yanapa/
in C:\xampp\htdocs\yii\yanapa\themes\classic\views\layouts\main.php (127)
in C:\xampp\htdocs\yii\yanapa\themes\classic\views\layouts\column1.php (6)
in C:\xampp\htdocs\yii\yanapa\protected\controllers\SiteController.php (32)
2014/05/26 02:41:48 [error] [php] Illegal string offset 'label' (C:\xampp\htdocs\yii\framework\zii\widgets\CMenu.php:271)
Stack trace:
#0 C:\xampp\htdocs\yii\framework\web\CBaseController.php(172): SiteController->createWidget()
#1 C:\xampp\htdocs\yii\yanapa\themes\classic\views\layouts\main.php(125): SiteController->widget()
#2 C:\xampp\htdocs\yii\framework\web\CBaseController.php(126): require()
#3 C:\xampp\htdocs\yii\framework\web\CBaseController.php(95): SiteController->renderInternal()
#4 C:\xampp\htdocs\yii\framework\web\widgets\CContentDecorator.php(76): SiteController->renderFile()
#5 C:\xampp\htdocs\yii\framework\web\widgets\CContentDecorator.php(54): CContentDecorator->decorate()
#6 C:\xampp\htdocs\yii\framework\web\widgets\COutputProcessor.php(44): CContentDecorator->processOutput()
#7 C:\xampp\htdocs\yii\framework\web\CBaseController.php(206): CContentDecorator->run()
#8 C:\xampp\htdocs\yii\framework\web\CBaseController.php(300): SiteController->endWidget()
#9 C:\xampp\htdocs\yii\yanapa\themes\classic\views\layouts\column1.php(6): SiteController->endContent()
#10 C:\xampp\htdocs\yii\framework\web\CBaseController.php(126): require()
#11 C:\xampp\htdocs\yii\framework\web\CBaseController.php(95): SiteController->renderInternal()
#12 C:\xampp\htdocs\yii\framework\web\CController.php(784): SiteController->renderFile()
#13 C:\xampp\htdocs\yii\yanapa\protected\controllers\SiteController.php(32): SiteController->render()
#14 C:\xampp\htdocs\yii\framework\web\actions\CInlineAction.php(49): SiteController->actionIndex()
#15 C:\xampp\htdocs\yii\framework\web\CController.php(308): CInlineAction->runWithParams()
#16 C:\xampp\htdocs\yii\framework\web\CController.php(286): SiteController->runAction()
#17 C:\xampp\htdocs\yii\framework\web\CController.php(265): SiteController->runActionWithFilters()
#18 C:\xampp\htdocs\yii\framework\web\CWebApplication.php(282): SiteController->run()
#19 C:\xampp\htdocs\yii\framework\web\CWebApplication.php(141): CWebApplication->runController()
#20 C:\xampp\htdocs\yii\framework\base\CApplication.php(180): CWebApplication->processRequest()
#21 C:\xampp\htdocs\yii\yanapa\index.php(13): CWebApplication->run()
REQUEST_URI=/yii/yanapa/
in C:\xampp\htdocs\yii\yanapa\themes\classic\views\layouts\main.php (125)
in C:\xampp\htdocs\yii\yanapa\themes\classic\views\layouts\column1.php (6)
in C:\xampp\htdocs\yii\yanapa\protected\controllers\SiteController.php (32)
2014/05/26 02:42:47 [error] [php] Illegal string offset 'label' (C:\xampp\htdocs\yii\framework\zii\widgets\CMenu.php:271)
Stack trace:
#0 C:\xampp\htdocs\yii\framework\web\CBaseController.php(172): SiteController->createWidget()
#1 C:\xampp\htdocs\yii\yanapa\themes\classic\views\layouts\main.php(125): SiteController->widget()
#2 C:\xampp\htdocs\yii\framework\web\CBaseController.php(126): require()
#3 C:\xampp\htdocs\yii\framework\web\CBaseController.php(95): SiteController->renderInternal()
#4 C:\xampp\htdocs\yii\framework\web\widgets\CContentDecorator.php(76): SiteController->renderFile()
#5 C:\xampp\htdocs\yii\framework\web\widgets\CContentDecorator.php(54): CContentDecorator->decorate()
#6 C:\xampp\htdocs\yii\framework\web\widgets\COutputProcessor.php(44): CContentDecorator->processOutput()
#7 C:\xampp\htdocs\yii\framework\web\CBaseController.php(206): CContentDecorator->run()
#8 C:\xampp\htdocs\yii\framework\web\CBaseController.php(300): SiteController->endWidget()
#9 C:\xampp\htdocs\yii\yanapa\themes\classic\views\layouts\column1.php(6): SiteController->endContent()
#10 C:\xampp\htdocs\yii\framework\web\CBaseController.php(126): require()
#11 C:\xampp\htdocs\yii\framework\web\CBaseController.php(95): SiteController->renderInternal()
#12 C:\xampp\htdocs\yii\framework\web\CController.php(784): SiteController->renderFile()
#13 C:\xampp\htdocs\yii\yanapa\protected\controllers\SiteController.php(32): SiteController->render()
#14 C:\xampp\htdocs\yii\framework\web\actions\CInlineAction.php(49): SiteController->actionIndex()
#15 C:\xampp\htdocs\yii\framework\web\CController.php(308): CInlineAction->runWithParams()
#16 C:\xampp\htdocs\yii\framework\web\CController.php(286): SiteController->runAction()
#17 C:\xampp\htdocs\yii\framework\web\CController.php(265): SiteController->runActionWithFilters()
#18 C:\xampp\htdocs\yii\framework\web\CWebApplication.php(282): SiteController->run()
#19 C:\xampp\htdocs\yii\framework\web\CWebApplication.php(141): CWebApplication->runController()
#20 C:\xampp\htdocs\yii\framework\base\CApplication.php(180): CWebApplication->processRequest()
#21 C:\xampp\htdocs\yii\yanapa\index.php(13): CWebApplication->run()
REQUEST_URI=/yii/yanapa/
in C:\xampp\htdocs\yii\yanapa\themes\classic\views\layouts\main.php (125)
in C:\xampp\htdocs\yii\yanapa\themes\classic\views\layouts\column1.php (6)
in C:\xampp\htdocs\yii\yanapa\protected\controllers\SiteController.php (32)
2014/05/26 02:47:22 [error] [php] Illegal string offset 'label' (C:\xampp\htdocs\yii\framework\zii\widgets\CMenu.php:271)
Stack trace:
#0 C:\xampp\htdocs\yii\framework\web\CBaseController.php(172): SiteController->createWidget()
#1 C:\xampp\htdocs\yii\yanapa\themes\classic\views\layouts\main.php(126): SiteController->widget()
#2 C:\xampp\htdocs\yii\framework\web\CBaseController.php(126): require()
#3 C:\xampp\htdocs\yii\framework\web\CBaseController.php(95): SiteController->renderInternal()
#4 C:\xampp\htdocs\yii\framework\web\widgets\CContentDecorator.php(76): SiteController->renderFile()
#5 C:\xampp\htdocs\yii\framework\web\widgets\CContentDecorator.php(54): CContentDecorator->decorate()
#6 C:\xampp\htdocs\yii\framework\web\widgets\COutputProcessor.php(44): CContentDecorator->processOutput()
#7 C:\xampp\htdocs\yii\framework\web\CBaseController.php(206): CContentDecorator->run()
#8 C:\xampp\htdocs\yii\framework\web\CBaseController.php(300): SiteController->endWidget()
#9 C:\xampp\htdocs\yii\yanapa\themes\classic\views\layouts\column1.php(6): SiteController->endContent()
#10 C:\xampp\htdocs\yii\framework\web\CBaseController.php(126): require()
#11 C:\xampp\htdocs\yii\framework\web\CBaseController.php(95): SiteController->renderInternal()
#12 C:\xampp\htdocs\yii\framework\web\CController.php(784): SiteController->renderFile()
#13 C:\xampp\htdocs\yii\yanapa\protected\controllers\SiteController.php(32): SiteController->render()
#14 C:\xampp\htdocs\yii\framework\web\actions\CInlineAction.php(49): SiteController->actionIndex()
#15 C:\xampp\htdocs\yii\framework\web\CController.php(308): CInlineAction->runWithParams()
#16 C:\xampp\htdocs\yii\framework\web\CController.php(286): SiteController->runAction()
#17 C:\xampp\htdocs\yii\framework\web\CController.php(265): SiteController->runActionWithFilters()
#18 C:\xampp\htdocs\yii\framework\web\CWebApplication.php(282): SiteController->run()
#19 C:\xampp\htdocs\yii\framework\web\CWebApplication.php(141): CWebApplication->runController()
#20 C:\xampp\htdocs\yii\framework\base\CApplication.php(180): CWebApplication->processRequest()
#21 C:\xampp\htdocs\yii\yanapa\index.php(13): CWebApplication->run()
REQUEST_URI=/yii/yanapa/
in C:\xampp\htdocs\yii\yanapa\themes\classic\views\layouts\main.php (126)
in C:\xampp\htdocs\yii\yanapa\themes\classic\views\layouts\column1.php (6)
in C:\xampp\htdocs\yii\yanapa\protected\controllers\SiteController.php (32)
2014/05/26 02:48:46 [error] [php] Illegal string offset 'label' (C:\xampp\htdocs\yii\framework\zii\widgets\CMenu.php:271)
Stack trace:
#0 C:\xampp\htdocs\yii\framework\web\CBaseController.php(172): SiteController->createWidget()
#1 C:\xampp\htdocs\yii\yanapa\themes\classic\views\layouts\main.php(126): SiteController->widget()
#2 C:\xampp\htdocs\yii\framework\web\CBaseController.php(126): require()
#3 C:\xampp\htdocs\yii\framework\web\CBaseController.php(95): SiteController->renderInternal()
#4 C:\xampp\htdocs\yii\framework\web\widgets\CContentDecorator.php(76): SiteController->renderFile()
#5 C:\xampp\htdocs\yii\framework\web\widgets\CContentDecorator.php(54): CContentDecorator->decorate()
#6 C:\xampp\htdocs\yii\framework\web\widgets\COutputProcessor.php(44): CContentDecorator->processOutput()
#7 C:\xampp\htdocs\yii\framework\web\CBaseController.php(206): CContentDecorator->run()
#8 C:\xampp\htdocs\yii\framework\web\CBaseController.php(300): SiteController->endWidget()
#9 C:\xampp\htdocs\yii\yanapa\themes\classic\views\layouts\column1.php(6): SiteController->endContent()
#10 C:\xampp\htdocs\yii\framework\web\CBaseController.php(126): require()
#11 C:\xampp\htdocs\yii\framework\web\CBaseController.php(95): SiteController->renderInternal()
#12 C:\xampp\htdocs\yii\framework\web\CController.php(784): SiteController->renderFile()
#13 C:\xampp\htdocs\yii\yanapa\protected\controllers\SiteController.php(32): SiteController->render()
#14 C:\xampp\htdocs\yii\framework\web\actions\CInlineAction.php(49): SiteController->actionIndex()
#15 C:\xampp\htdocs\yii\framework\web\CController.php(308): CInlineAction->runWithParams()
#16 C:\xampp\htdocs\yii\framework\web\CController.php(286): SiteController->runAction()
#17 C:\xampp\htdocs\yii\framework\web\CController.php(265): SiteController->runActionWithFilters()
#18 C:\xampp\htdocs\yii\framework\web\CWebApplication.php(282): SiteController->run()
#19 C:\xampp\htdocs\yii\framework\web\CWebApplication.php(141): CWebApplication->runController()
#20 C:\xampp\htdocs\yii\framework\base\CApplication.php(180): CWebApplication->processRequest()
#21 C:\xampp\htdocs\yii\yanapa\index.php(13): CWebApplication->run()
REQUEST_URI=/yii/yanapa/
in C:\xampp\htdocs\yii\yanapa\themes\classic\views\layouts\main.php (126)
in C:\xampp\htdocs\yii\yanapa\themes\classic\views\layouts\column1.php (6)
in C:\xampp\htdocs\yii\yanapa\protected\controllers\SiteController.php (32)
2014/05/26 02:48:48 [error] [php] Illegal string offset 'label' (C:\xampp\htdocs\yii\framework\zii\widgets\CMenu.php:271)
Stack trace:
#0 C:\xampp\htdocs\yii\framework\web\CBaseController.php(172): SiteController->createWidget()
#1 C:\xampp\htdocs\yii\yanapa\themes\classic\views\layouts\main.php(126): SiteController->widget()
#2 C:\xampp\htdocs\yii\framework\web\CBaseController.php(126): require()
#3 C:\xampp\htdocs\yii\framework\web\CBaseController.php(95): SiteController->renderInternal()
#4 C:\xampp\htdocs\yii\framework\web\widgets\CContentDecorator.php(76): SiteController->renderFile()
#5 C:\xampp\htdocs\yii\framework\web\widgets\CContentDecorator.php(54): CContentDecorator->decorate()
#6 C:\xampp\htdocs\yii\framework\web\widgets\COutputProcessor.php(44): CContentDecorator->processOutput()
#7 C:\xampp\htdocs\yii\framework\web\CBaseController.php(206): CContentDecorator->run()
#8 C:\xampp\htdocs\yii\framework\web\CBaseController.php(300): SiteController->endWidget()
#9 C:\xampp\htdocs\yii\yanapa\themes\classic\views\layouts\column1.php(6): SiteController->endContent()
#10 C:\xampp\htdocs\yii\framework\web\CBaseController.php(126): require()
#11 C:\xampp\htdocs\yii\framework\web\CBaseController.php(95): SiteController->renderInternal()
#12 C:\xampp\htdocs\yii\framework\web\CController.php(784): SiteController->renderFile()
#13 C:\xampp\htdocs\yii\yanapa\protected\controllers\SiteController.php(32): SiteController->render()
#14 C:\xampp\htdocs\yii\framework\web\actions\CInlineAction.php(49): SiteController->actionIndex()
#15 C:\xampp\htdocs\yii\framework\web\CController.php(308): CInlineAction->runWithParams()
#16 C:\xampp\htdocs\yii\framework\web\CController.php(286): SiteController->runAction()
#17 C:\xampp\htdocs\yii\framework\web\CController.php(265): SiteController->runActionWithFilters()
#18 C:\xampp\htdocs\yii\framework\web\CWebApplication.php(282): SiteController->run()
#19 C:\xampp\htdocs\yii\framework\web\CWebApplication.php(141): CWebApplication->runController()
#20 C:\xampp\htdocs\yii\framework\base\CApplication.php(180): CWebApplication->processRequest()
#21 C:\xampp\htdocs\yii\yanapa\index.php(13): CWebApplication->run()
REQUEST_URI=/yii/yanapa/
in C:\xampp\htdocs\yii\yanapa\themes\classic\views\layouts\main.php (126)
in C:\xampp\htdocs\yii\yanapa\themes\classic\views\layouts\column1.php (6)
in C:\xampp\htdocs\yii\yanapa\protected\controllers\SiteController.php (32)
2014/05/26 02:48:49 [error] [php] Illegal string offset 'label' (C:\xampp\htdocs\yii\framework\zii\widgets\CMenu.php:271)
Stack trace:
#0 C:\xampp\htdocs\yii\framework\web\CBaseController.php(172): SiteController->createWidget()
#1 C:\xampp\htdocs\yii\yanapa\themes\classic\views\layouts\main.php(126): SiteController->widget()
#2 C:\xampp\htdocs\yii\framework\web\CBaseController.php(126): require()
#3 C:\xampp\htdocs\yii\framework\web\CBaseController.php(95): SiteController->renderInternal()
#4 C:\xampp\htdocs\yii\framework\web\widgets\CContentDecorator.php(76): SiteController->renderFile()
#5 C:\xampp\htdocs\yii\framework\web\widgets\CContentDecorator.php(54): CContentDecorator->decorate()
#6 C:\xampp\htdocs\yii\framework\web\widgets\COutputProcessor.php(44): CContentDecorator->processOutput()
#7 C:\xampp\htdocs\yii\framework\web\CBaseController.php(206): CContentDecorator->run()
#8 C:\xampp\htdocs\yii\framework\web\CBaseController.php(300): SiteController->endWidget()
#9 C:\xampp\htdocs\yii\yanapa\themes\classic\views\layouts\column1.php(6): SiteController->endContent()
#10 C:\xampp\htdocs\yii\framework\web\CBaseController.php(126): require()
#11 C:\xampp\htdocs\yii\framework\web\CBaseController.php(95): SiteController->renderInternal()
#12 C:\xampp\htdocs\yii\framework\web\CController.php(784): SiteController->renderFile()
#13 C:\xampp\htdocs\yii\yanapa\protected\controllers\SiteController.php(32): SiteController->render()
#14 C:\xampp\htdocs\yii\framework\web\actions\CInlineAction.php(49): SiteController->actionIndex()
#15 C:\xampp\htdocs\yii\framework\web\CController.php(308): CInlineAction->runWithParams()
#16 C:\xampp\htdocs\yii\framework\web\CController.php(286): SiteController->runAction()
#17 C:\xampp\htdocs\yii\framework\web\CController.php(265): SiteController->runActionWithFilters()
#18 C:\xampp\htdocs\yii\framework\web\CWebApplication.php(282): SiteController->run()
#19 C:\xampp\htdocs\yii\framework\web\CWebApplication.php(141): CWebApplication->runController()
#20 C:\xampp\htdocs\yii\framework\base\CApplication.php(180): CWebApplication->processRequest()
#21 C:\xampp\htdocs\yii\yanapa\index.php(13): CWebApplication->run()
REQUEST_URI=/yii/yanapa/
in C:\xampp\htdocs\yii\yanapa\themes\classic\views\layouts\main.php (126)
in C:\xampp\htdocs\yii\yanapa\themes\classic\views\layouts\column1.php (6)
in C:\xampp\htdocs\yii\yanapa\protected\controllers\SiteController.php (32)
2014/05/26 02:49:44 [error] [php] Illegal string offset 'label' (C:\xampp\htdocs\yii\framework\zii\widgets\CMenu.php:271)
Stack trace:
#0 C:\xampp\htdocs\yii\framework\web\CBaseController.php(172): SiteController->createWidget()
#1 C:\xampp\htdocs\yii\yanapa\themes\classic\views\layouts\main.php(125): SiteController->widget()
#2 C:\xampp\htdocs\yii\framework\web\CBaseController.php(126): require()
#3 C:\xampp\htdocs\yii\framework\web\CBaseController.php(95): SiteController->renderInternal()
#4 C:\xampp\htdocs\yii\framework\web\widgets\CContentDecorator.php(76): SiteController->renderFile()
#5 C:\xampp\htdocs\yii\framework\web\widgets\CContentDecorator.php(54): CContentDecorator->decorate()
#6 C:\xampp\htdocs\yii\framework\web\widgets\COutputProcessor.php(44): CContentDecorator->processOutput()
#7 C:\xampp\htdocs\yii\framework\web\CBaseController.php(206): CContentDecorator->run()
#8 C:\xampp\htdocs\yii\framework\web\CBaseController.php(300): SiteController->endWidget()
#9 C:\xampp\htdocs\yii\yanapa\themes\classic\views\layouts\column1.php(6): SiteController->endContent()
#10 C:\xampp\htdocs\yii\framework\web\CBaseController.php(126): require()
#11 C:\xampp\htdocs\yii\framework\web\CBaseController.php(95): SiteController->renderInternal()
#12 C:\xampp\htdocs\yii\framework\web\CController.php(784): SiteController->renderFile()
#13 C:\xampp\htdocs\yii\yanapa\protected\controllers\SiteController.php(32): SiteController->render()
#14 C:\xampp\htdocs\yii\framework\web\actions\CInlineAction.php(49): SiteController->actionIndex()
#15 C:\xampp\htdocs\yii\framework\web\CController.php(308): CInlineAction->runWithParams()
#16 C:\xampp\htdocs\yii\framework\web\CController.php(286): SiteController->runAction()
#17 C:\xampp\htdocs\yii\framework\web\CController.php(265): SiteController->runActionWithFilters()
#18 C:\xampp\htdocs\yii\framework\web\CWebApplication.php(282): SiteController->run()
#19 C:\xampp\htdocs\yii\framework\web\CWebApplication.php(141): CWebApplication->runController()
#20 C:\xampp\htdocs\yii\framework\base\CApplication.php(180): CWebApplication->processRequest()
#21 C:\xampp\htdocs\yii\yanapa\index.php(13): CWebApplication->run()
REQUEST_URI=/yii/yanapa/
in C:\xampp\htdocs\yii\yanapa\themes\classic\views\layouts\main.php (125)
in C:\xampp\htdocs\yii\yanapa\themes\classic\views\layouts\column1.php (6)
in C:\xampp\htdocs\yii\yanapa\protected\controllers\SiteController.php (32)
2014/05/26 02:51:02 [error] [php] Illegal string offset 'label' (C:\xampp\htdocs\yii\framework\zii\widgets\CMenu.php:271)
Stack trace:
#0 C:\xampp\htdocs\yii\framework\web\CBaseController.php(172): SiteController->createWidget()
#1 C:\xampp\htdocs\yii\yanapa\themes\classic\views\layouts\main.php(125): SiteController->widget()
#2 C:\xampp\htdocs\yii\framework\web\CBaseController.php(126): require()
#3 C:\xampp\htdocs\yii\framework\web\CBaseController.php(95): SiteController->renderInternal()
#4 C:\xampp\htdocs\yii\framework\web\widgets\CContentDecorator.php(76): SiteController->renderFile()
#5 C:\xampp\htdocs\yii\framework\web\widgets\CContentDecorator.php(54): CContentDecorator->decorate()
#6 C:\xampp\htdocs\yii\framework\web\widgets\COutputProcessor.php(44): CContentDecorator->processOutput()
#7 C:\xampp\htdocs\yii\framework\web\CBaseController.php(206): CContentDecorator->run()
#8 C:\xampp\htdocs\yii\framework\web\CBaseController.php(300): SiteController->endWidget()
#9 C:\xampp\htdocs\yii\yanapa\themes\classic\views\layouts\column1.php(6): SiteController->endContent()
#10 C:\xampp\htdocs\yii\framework\web\CBaseController.php(126): require()
#11 C:\xampp\htdocs\yii\framework\web\CBaseController.php(95): SiteController->renderInternal()
#12 C:\xampp\htdocs\yii\framework\web\CController.php(784): SiteController->renderFile()
#13 C:\xampp\htdocs\yii\yanapa\protected\controllers\SiteController.php(32): SiteController->render()
#14 C:\xampp\htdocs\yii\framework\web\actions\CInlineAction.php(49): SiteController->actionIndex()
#15 C:\xampp\htdocs\yii\framework\web\CController.php(308): CInlineAction->runWithParams()
#16 C:\xampp\htdocs\yii\framework\web\CController.php(286): SiteController->runAction()
#17 C:\xampp\htdocs\yii\framework\web\CController.php(265): SiteController->runActionWithFilters()
#18 C:\xampp\htdocs\yii\framework\web\CWebApplication.php(282): SiteController->run()
#19 C:\xampp\htdocs\yii\framework\web\CWebApplication.php(141): CWebApplication->runController()
#20 C:\xampp\htdocs\yii\framework\base\CApplication.php(180): CWebApplication->processRequest()
#21 C:\xampp\htdocs\yii\yanapa\index.php(13): CWebApplication->run()
REQUEST_URI=/yii/yanapa/
in C:\xampp\htdocs\yii\yanapa\themes\classic\views\layouts\main.php (125)
in C:\xampp\htdocs\yii\yanapa\themes\classic\views\layouts\column1.php (6)
in C:\xampp\htdocs\yii\yanapa\protected\controllers\SiteController.php (32)
2014/05/26 02:57:07 [error] [php] Illegal string offset 'label' (C:\xampp\htdocs\yii\framework\zii\widgets\CMenu.php:271)
Stack trace:
#0 C:\xampp\htdocs\yii\framework\web\CBaseController.php(172): SiteController->createWidget()
#1 C:\xampp\htdocs\yii\yanapa\themes\classic\views\layouts\main.php(115): SiteController->widget()
#2 C:\xampp\htdocs\yii\framework\web\CBaseController.php(126): require()
#3 C:\xampp\htdocs\yii\framework\web\CBaseController.php(95): SiteController->renderInternal()
#4 C:\xampp\htdocs\yii\framework\web\widgets\CContentDecorator.php(76): SiteController->renderFile()
#5 C:\xampp\htdocs\yii\framework\web\widgets\CContentDecorator.php(54): CContentDecorator->decorate()
#6 C:\xampp\htdocs\yii\framework\web\widgets\COutputProcessor.php(44): CContentDecorator->processOutput()
#7 C:\xampp\htdocs\yii\framework\web\CBaseController.php(206): CContentDecorator->run()
#8 C:\xampp\htdocs\yii\framework\web\CBaseController.php(300): SiteController->endWidget()
#9 C:\xampp\htdocs\yii\yanapa\themes\classic\views\layouts\column1.php(6): SiteController->endContent()
#10 C:\xampp\htdocs\yii\framework\web\CBaseController.php(126): require()
#11 C:\xampp\htdocs\yii\framework\web\CBaseController.php(95): SiteController->renderInternal()
#12 C:\xampp\htdocs\yii\framework\web\CController.php(784): SiteController->renderFile()
#13 C:\xampp\htdocs\yii\yanapa\protected\controllers\SiteController.php(32): SiteController->render()
#14 C:\xampp\htdocs\yii\framework\web\actions\CInlineAction.php(49): SiteController->actionIndex()
#15 C:\xampp\htdocs\yii\framework\web\CController.php(308): CInlineAction->runWithParams()
#16 C:\xampp\htdocs\yii\framework\web\CController.php(286): SiteController->runAction()
#17 C:\xampp\htdocs\yii\framework\web\CController.php(265): SiteController->runActionWithFilters()
#18 C:\xampp\htdocs\yii\framework\web\CWebApplication.php(282): SiteController->run()
#19 C:\xampp\htdocs\yii\framework\web\CWebApplication.php(141): CWebApplication->runController()
#20 C:\xampp\htdocs\yii\framework\base\CApplication.php(180): CWebApplication->processRequest()
#21 C:\xampp\htdocs\yii\yanapa\index.php(13): CWebApplication->run()
REQUEST_URI=/yii/yanapa/
in C:\xampp\htdocs\yii\yanapa\themes\classic\views\layouts\main.php (115)
in C:\xampp\htdocs\yii\yanapa\themes\classic\views\layouts\column1.php (6)
in C:\xampp\htdocs\yii\yanapa\protected\controllers\SiteController.php (32)
2014/05/26 05:09:26 [error] [exception.CException] exception 'CException' with message 'Property "CMenu.itemOptions" is not defined.' in C:\xampp\htdocs\yii\framework\base\CComponent.php:173
Stack trace:
#0 C:\xampp\htdocs\yii\framework\web\CWidgetFactory.php(161): CComponent->__set('itemOptions', Array)
#1 C:\xampp\htdocs\yii\framework\web\CBaseController.php(146): CWidgetFactory->createWidget(Object(SiteController), 'zii.widgets.CMe...', Array)
#2 C:\xampp\htdocs\yii\framework\web\CBaseController.php(172): CBaseController->createWidget('zii.widgets.CMe...', Array)
#3 C:\xampp\htdocs\yii\yanapa\themes\classic\views\layouts\main.php(109): CBaseController->widget('zii.widgets.CMe...', Array)
#4 C:\xampp\htdocs\yii\framework\web\CBaseController.php(126): require('C:\xampp\htdocs...')
#5 C:\xampp\htdocs\yii\framework\web\CBaseController.php(95): CBaseController->renderInternal('C:\xampp\htdocs...', Array, true)
#6 C:\xampp\htdocs\yii\framework\web\widgets\CContentDecorator.php(76): CBaseController->renderFile('C:\xampp\htdocs...', Array, true)
#7 C:\xampp\htdocs\yii\framework\web\widgets\CContentDecorator.php(54): CContentDecorator->decorate('<div id="conten...')
#8 C:\xampp\htdocs\yii\framework\web\widgets\COutputProcessor.php(44): CContentDecorator->processOutput('<div id="conten...')
#9 C:\xampp\htdocs\yii\framework\web\CBaseController.php(206): COutputProcessor->run()
#10 C:\xampp\htdocs\yii\framework\web\CBaseController.php(300): CBaseController->endWidget('CContentDecorat...')
#11 C:\xampp\htdocs\yii\yanapa\themes\classic\views\layouts\column1.php(6): CBaseController->endContent()
#12 C:\xampp\htdocs\yii\framework\web\CBaseController.php(126): require('C:\xampp\htdocs...')
#13 C:\xampp\htdocs\yii\framework\web\CBaseController.php(95): CBaseController->renderInternal('C:\xampp\htdocs...', Array, true)
#14 C:\xampp\htdocs\yii\framework\web\CController.php(784): CBaseController->renderFile('C:\xampp\htdocs...', Array, true)
#15 C:\xampp\htdocs\yii\yanapa\protected\controllers\SiteController.php(32): CController->render('index')
#16 C:\xampp\htdocs\yii\framework\web\actions\CInlineAction.php(49): SiteController->actionIndex()
#17 C:\xampp\htdocs\yii\framework\web\CController.php(308): CInlineAction->runWithParams(Array)
#18 C:\xampp\htdocs\yii\framework\web\CController.php(286): CController->runAction(Object(CInlineAction))
#19 C:\xampp\htdocs\yii\framework\web\CController.php(265): CController->runActionWithFilters(Object(CInlineAction), Array)
#20 C:\xampp\htdocs\yii\framework\web\CWebApplication.php(282): CController->run('')
#21 C:\xampp\htdocs\yii\framework\web\CWebApplication.php(141): CWebApplication->runController('')
#22 C:\xampp\htdocs\yii\framework\base\CApplication.php(180): CWebApplication->processRequest()
#23 C:\xampp\htdocs\yii\yanapa\index.php(13): CApplication->run()
#24 {main}
REQUEST_URI=/yii/yanapa/
---
2014/05/26 05:09:28 [error] [exception.CException] exception 'CException' with message 'Property "CMenu.itemOptions" is not defined.' in C:\xampp\htdocs\yii\framework\base\CComponent.php:173
Stack trace:
#0 C:\xampp\htdocs\yii\framework\web\CWidgetFactory.php(161): CComponent->__set('itemOptions', Array)
#1 C:\xampp\htdocs\yii\framework\web\CBaseController.php(146): CWidgetFactory->createWidget(Object(SiteController), 'zii.widgets.CMe...', Array)
#2 C:\xampp\htdocs\yii\framework\web\CBaseController.php(172): CBaseController->createWidget('zii.widgets.CMe...', Array)
#3 C:\xampp\htdocs\yii\yanapa\themes\classic\views\layouts\main.php(109): CBaseController->widget('zii.widgets.CMe...', Array)
#4 C:\xampp\htdocs\yii\framework\web\CBaseController.php(126): require('C:\xampp\htdocs...')
#5 C:\xampp\htdocs\yii\framework\web\CBaseController.php(95): CBaseController->renderInternal('C:\xampp\htdocs...', Array, true)
#6 C:\xampp\htdocs\yii\framework\web\widgets\CContentDecorator.php(76): CBaseController->renderFile('C:\xampp\htdocs...', Array, true)
#7 C:\xampp\htdocs\yii\framework\web\widgets\CContentDecorator.php(54): CContentDecorator->decorate('<div id="conten...')
#8 C:\xampp\htdocs\yii\framework\web\widgets\COutputProcessor.php(44): CContentDecorator->processOutput('<div id="conten...')
#9 C:\xampp\htdocs\yii\framework\web\CBaseController.php(206): COutputProcessor->run()
#10 C:\xampp\htdocs\yii\framework\web\CBaseController.php(300): CBaseController->endWidget('CContentDecorat...')
#11 C:\xampp\htdocs\yii\yanapa\themes\classic\views\layouts\column1.php(6): CBaseController->endContent()
#12 C:\xampp\htdocs\yii\framework\web\CBaseController.php(126): require('C:\xampp\htdocs...')
#13 C:\xampp\htdocs\yii\framework\web\CBaseController.php(95): CBaseController->renderInternal('C:\xampp\htdocs...', Array, true)
#14 C:\xampp\htdocs\yii\framework\web\CController.php(784): CBaseController->renderFile('C:\xampp\htdocs...', Array, true)
#15 C:\xampp\htdocs\yii\yanapa\protected\controllers\SiteController.php(32): CController->render('index')
#16 C:\xampp\htdocs\yii\framework\web\actions\CInlineAction.php(49): SiteController->actionIndex()
#17 C:\xampp\htdocs\yii\framework\web\CController.php(308): CInlineAction->runWithParams(Array)
#18 C:\xampp\htdocs\yii\framework\web\CController.php(286): CController->runAction(Object(CInlineAction))
#19 C:\xampp\htdocs\yii\framework\web\CController.php(265): CController->runActionWithFilters(Object(CInlineAction), Array)
#20 C:\xampp\htdocs\yii\framework\web\CWebApplication.php(282): CController->run('')
#21 C:\xampp\htdocs\yii\framework\web\CWebApplication.php(141): CWebApplication->runController('')
#22 C:\xampp\htdocs\yii\framework\base\CApplication.php(180): CWebApplication->processRequest()
#23 C:\xampp\htdocs\yii\yanapa\index.php(13): CApplication->run()
#24 {main}
REQUEST_URI=/yii/yanapa/
---
2014/05/26 06:15:38 [error] [exception.CException] exception 'CException' with message 'Property "CMenu.itemOptions" is not defined.' in C:\xampp\htdocs\yii\framework\base\CComponent.php:173
Stack trace:
#0 C:\xampp\htdocs\yii\framework\web\CWidgetFactory.php(161): CComponent->__set('itemOptions', Array)
#1 C:\xampp\htdocs\yii\framework\web\CBaseController.php(146): CWidgetFactory->createWidget(Object(SiteController), 'zii.widgets.CMe...', Array)
#2 C:\xampp\htdocs\yii\framework\web\CBaseController.php(172): CBaseController->createWidget('zii.widgets.CMe...', Array)
#3 C:\xampp\htdocs\yii\yanapa\themes\classic\views\layouts\main.php(109): CBaseController->widget('zii.widgets.CMe...', Array)
#4 C:\xampp\htdocs\yii\framework\web\CBaseController.php(126): require('C:\xampp\htdocs...')
#5 C:\xampp\htdocs\yii\framework\web\CBaseController.php(95): CBaseController->renderInternal('C:\xampp\htdocs...', Array, true)
#6 C:\xampp\htdocs\yii\framework\web\widgets\CContentDecorator.php(76): CBaseController->renderFile('C:\xampp\htdocs...', Array, true)
#7 C:\xampp\htdocs\yii\framework\web\widgets\CContentDecorator.php(54): CContentDecorator->decorate('<div id="conten...')
#8 C:\xampp\htdocs\yii\framework\web\widgets\COutputProcessor.php(44): CContentDecorator->processOutput('<div id="conten...')
#9 C:\xampp\htdocs\yii\framework\web\CBaseController.php(206): COutputProcessor->run()
#10 C:\xampp\htdocs\yii\framework\web\CBaseController.php(300): CBaseController->endWidget('CContentDecorat...')
#11 C:\xampp\htdocs\yii\yanapa\themes\classic\views\layouts\column1.php(6): CBaseController->endContent()
#12 C:\xampp\htdocs\yii\framework\web\CBaseController.php(126): require('C:\xampp\htdocs...')
#13 C:\xampp\htdocs\yii\framework\web\CBaseController.php(95): CBaseController->renderInternal('C:\xampp\htdocs...', Array, true)
#14 C:\xampp\htdocs\yii\framework\web\CController.php(784): CBaseController->renderFile('C:\xampp\htdocs...', Array, true)
#15 C:\xampp\htdocs\yii\yanapa\protected\controllers\SiteController.php(32): CController->render('index')
#16 C:\xampp\htdocs\yii\framework\web\actions\CInlineAction.php(49): SiteController->actionIndex()
#17 C:\xampp\htdocs\yii\framework\web\CController.php(308): CInlineAction->runWithParams(Array)
#18 C:\xampp\htdocs\yii\framework\web\CController.php(286): CController->runAction(Object(CInlineAction))
#19 C:\xampp\htdocs\yii\framework\web\CController.php(265): CController->runActionWithFilters(Object(CInlineAction), Array)
#20 C:\xampp\htdocs\yii\framework\web\CWebApplication.php(282): CController->run('')
#21 C:\xampp\htdocs\yii\framework\web\CWebApplication.php(141): CWebApplication->runController('')
#22 C:\xampp\htdocs\yii\framework\base\CApplication.php(180): CWebApplication->processRequest()
#23 C:\xampp\htdocs\yii\yanapa\index.php(13): CApplication->run()
#24 {main}
REQUEST_URI=/yii/yanapa/
---
2014/05/26 06:17:04 [error] [exception.CException] exception 'CException' with message 'Property "CMenu.linkOptions" is not defined.' in C:\xampp\htdocs\yii\framework\base\CComponent.php:173
Stack trace:
#0 C:\xampp\htdocs\yii\framework\web\CWidgetFactory.php(161): CComponent->__set('linkOptions', Array)
#1 C:\xampp\htdocs\yii\framework\web\CBaseController.php(146): CWidgetFactory->createWidget(Object(SiteController), 'zii.widgets.CMe...', Array)
#2 C:\xampp\htdocs\yii\framework\web\CBaseController.php(172): CBaseController->createWidget('zii.widgets.CMe...', Array)
#3 C:\xampp\htdocs\yii\yanapa\themes\classic\views\layouts\main.php(108): CBaseController->widget('zii.widgets.CMe...', Array)
#4 C:\xampp\htdocs\yii\framework\web\CBaseController.php(126): require('C:\xampp\htdocs...')
#5 C:\xampp\htdocs\yii\framework\web\CBaseController.php(95): CBaseController->renderInternal('C:\xampp\htdocs...', Array, true)
#6 C:\xampp\htdocs\yii\framework\web\widgets\CContentDecorator.php(76): CBaseController->renderFile('C:\xampp\htdocs...', Array, true)
#7 C:\xampp\htdocs\yii\framework\web\widgets\CContentDecorator.php(54): CContentDecorator->decorate('<div id="conten...')
#8 C:\xampp\htdocs\yii\framework\web\widgets\COutputProcessor.php(44): CContentDecorator->processOutput('<div id="conten...')
#9 C:\xampp\htdocs\yii\framework\web\CBaseController.php(206): COutputProcessor->run()
#10 C:\xampp\htdocs\yii\framework\web\CBaseController.php(300): CBaseController->endWidget('CContentDecorat...')
#11 C:\xampp\htdocs\yii\yanapa\themes\classic\views\layouts\column1.php(6): CBaseController->endContent()
#12 C:\xampp\htdocs\yii\framework\web\CBaseController.php(126): require('C:\xampp\htdocs...')
#13 C:\xampp\htdocs\yii\framework\web\CBaseController.php(95): CBaseController->renderInternal('C:\xampp\htdocs...', Array, true)
#14 C:\xampp\htdocs\yii\framework\web\CController.php(784): CBaseController->renderFile('C:\xampp\htdocs...', Array, true)
#15 C:\xampp\htdocs\yii\yanapa\protected\controllers\SiteController.php(32): CController->render('index')
#16 C:\xampp\htdocs\yii\framework\web\actions\CInlineAction.php(49): SiteController->actionIndex()
#17 C:\xampp\htdocs\yii\framework\web\CController.php(308): CInlineAction->runWithParams(Array)
#18 C:\xampp\htdocs\yii\framework\web\CController.php(286): CController->runAction(Object(CInlineAction))
#19 C:\xampp\htdocs\yii\framework\web\CController.php(265): CController->runActionWithFilters(Object(CInlineAction), Array)
#20 C:\xampp\htdocs\yii\framework\web\CWebApplication.php(282): CController->run('')
#21 C:\xampp\htdocs\yii\framework\web\CWebApplication.php(141): CWebApplication->runController('')
#22 C:\xampp\htdocs\yii\framework\base\CApplication.php(180): CWebApplication->processRequest()
#23 C:\xampp\htdocs\yii\yanapa\index.php(13): CApplication->run()
#24 {main}
REQUEST_URI=/yii/yanapa/
---
2014/05/26 06:17:07 [error] [exception.CException] exception 'CException' with message 'Property "CMenu.linkOptions" is not defined.' in C:\xampp\htdocs\yii\framework\base\CComponent.php:173
Stack trace:
#0 C:\xampp\htdocs\yii\framework\web\CWidgetFactory.php(161): CComponent->__set('linkOptions', Array)
#1 C:\xampp\htdocs\yii\framework\web\CBaseController.php(146): CWidgetFactory->createWidget(Object(SiteController), 'zii.widgets.CMe...', Array)
#2 C:\xampp\htdocs\yii\framework\web\CBaseController.php(172): CBaseController->createWidget('zii.widgets.CMe...', Array)
#3 C:\xampp\htdocs\yii\yanapa\themes\classic\views\layouts\main.php(108): CBaseController->widget('zii.widgets.CMe...', Array)
#4 C:\xampp\htdocs\yii\framework\web\CBaseController.php(126): require('C:\xampp\htdocs...')
#5 C:\xampp\htdocs\yii\framework\web\CBaseController.php(95): CBaseController->renderInternal('C:\xampp\htdocs...', Array, true)
#6 C:\xampp\htdocs\yii\framework\web\widgets\CContentDecorator.php(76): CBaseController->renderFile('C:\xampp\htdocs...', Array, true)
#7 C:\xampp\htdocs\yii\framework\web\widgets\CContentDecorator.php(54): CContentDecorator->decorate('<div id="conten...')
#8 C:\xampp\htdocs\yii\framework\web\widgets\COutputProcessor.php(44): CContentDecorator->processOutput('<div id="conten...')
#9 C:\xampp\htdocs\yii\framework\web\CBaseController.php(206): COutputProcessor->run()
#10 C:\xampp\htdocs\yii\framework\web\CBaseController.php(300): CBaseController->endWidget('CContentDecorat...')
#11 C:\xampp\htdocs\yii\yanapa\themes\classic\views\layouts\column1.php(6): CBaseController->endContent()
#12 C:\xampp\htdocs\yii\framework\web\CBaseController.php(126): require('C:\xampp\htdocs...')
#13 C:\xampp\htdocs\yii\framework\web\CBaseController.php(95): CBaseController->renderInternal('C:\xampp\htdocs...', Array, true)
#14 C:\xampp\htdocs\yii\framework\web\CController.php(784): CBaseController->renderFile('C:\xampp\htdocs...', Array, true)
#15 C:\xampp\htdocs\yii\yanapa\protected\controllers\SiteController.php(32): CController->render('index')
#16 C:\xampp\htdocs\yii\framework\web\actions\CInlineAction.php(49): SiteController->actionIndex()
#17 C:\xampp\htdocs\yii\framework\web\CController.php(308): CInlineAction->runWithParams(Array)
#18 C:\xampp\htdocs\yii\framework\web\CController.php(286): CController->runAction(Object(CInlineAction))
#19 C:\xampp\htdocs\yii\framework\web\CController.php(265): CController->runActionWithFilters(Object(CInlineAction), Array)
#20 C:\xampp\htdocs\yii\framework\web\CWebApplication.php(282): CController->run('')
#21 C:\xampp\htdocs\yii\framework\web\CWebApplication.php(141): CWebApplication->runController('')
#22 C:\xampp\htdocs\yii\framework\base\CApplication.php(180): CWebApplication->processRequest()
#23 C:\xampp\htdocs\yii\yanapa\index.php(13): CApplication->run()
#24 {main}
REQUEST_URI=/yii/yanapa/
---
2014/05/26 06:18:15 [error] [exception.CException] exception 'CException' with message 'Property "CMenu.linkOptions" is not defined.' in C:\xampp\htdocs\yii\framework\base\CComponent.php:173
Stack trace:
#0 C:\xampp\htdocs\yii\framework\web\CWidgetFactory.php(161): CComponent->__set('linkOptions', Array)
#1 C:\xampp\htdocs\yii\framework\web\CBaseController.php(146): CWidgetFactory->createWidget(Object(SiteController), 'zii.widgets.CMe...', Array)
#2 C:\xampp\htdocs\yii\framework\web\CBaseController.php(172): CBaseController->createWidget('zii.widgets.CMe...', Array)
#3 C:\xampp\htdocs\yii\yanapa\themes\classic\views\layouts\main.php(108): CBaseController->widget('zii.widgets.CMe...', Array)
#4 C:\xampp\htdocs\yii\framework\web\CBaseController.php(126): require('C:\xampp\htdocs...')
#5 C:\xampp\htdocs\yii\framework\web\CBaseController.php(95): CBaseController->renderInternal('C:\xampp\htdocs...', Array, true)
#6 C:\xampp\htdocs\yii\framework\web\widgets\CContentDecorator.php(76): CBaseController->renderFile('C:\xampp\htdocs...', Array, true)
#7 C:\xampp\htdocs\yii\framework\web\widgets\CContentDecorator.php(54): CContentDecorator->decorate('<div id="conten...')
#8 C:\xampp\htdocs\yii\framework\web\widgets\COutputProcessor.php(44): CContentDecorator->processOutput('<div id="conten...')
#9 C:\xampp\htdocs\yii\framework\web\CBaseController.php(206): COutputProcessor->run()
#10 C:\xampp\htdocs\yii\framework\web\CBaseController.php(300): CBaseController->endWidget('CContentDecorat...')
#11 C:\xampp\htdocs\yii\yanapa\themes\classic\views\layouts\column1.php(6): CBaseController->endContent()
#12 C:\xampp\htdocs\yii\framework\web\CBaseController.php(126): require('C:\xampp\htdocs...')
#13 C:\xampp\htdocs\yii\framework\web\CBaseController.php(95): CBaseController->renderInternal('C:\xampp\htdocs...', Array, true)
#14 C:\xampp\htdocs\yii\framework\web\CController.php(784): CBaseController->renderFile('C:\xampp\htdocs...', Array, true)
#15 C:\xampp\htdocs\yii\yanapa\protected\controllers\SiteController.php(32): CController->render('index')
#16 C:\xampp\htdocs\yii\framework\web\actions\CInlineAction.php(49): SiteController->actionIndex()
#17 C:\xampp\htdocs\yii\framework\web\CController.php(308): CInlineAction->runWithParams(Array)
#18 C:\xampp\htdocs\yii\framework\web\CController.php(286): CController->runAction(Object(CInlineAction))
#19 C:\xampp\htdocs\yii\framework\web\CController.php(265): CController->runActionWithFilters(Object(CInlineAction), Array)
#20 C:\xampp\htdocs\yii\framework\web\CWebApplication.php(282): CController->run('')
#21 C:\xampp\htdocs\yii\framework\web\CWebApplication.php(141): CWebApplication->runController('')
#22 C:\xampp\htdocs\yii\framework\base\CApplication.php(180): CWebApplication->processRequest()
#23 C:\xampp\htdocs\yii\yanapa\index.php(13): CApplication->run()
#24 {main}
REQUEST_URI=/yii/yanapa/
---
2014/05/26 07:28:39 [error] [exception.CException] exception 'CException' with message 'Property "CMenu.linkOptions" is not defined.' in C:\xampp\htdocs\yii\framework\base\CComponent.php:173
Stack trace:
#0 C:\xampp\htdocs\yii\framework\web\CWidgetFactory.php(161): CComponent->__set('linkOptions', Array)
#1 C:\xampp\htdocs\yii\framework\web\CBaseController.php(146): CWidgetFactory->createWidget(Object(SiteController), 'zii.widgets.CMe...', Array)
#2 C:\xampp\htdocs\yii\framework\web\CBaseController.php(172): CBaseController->createWidget('zii.widgets.CMe...', Array)
#3 C:\xampp\htdocs\yii\yanapa\themes\classic\views\layouts\main.php(108): CBaseController->widget('zii.widgets.CMe...', Array)
#4 C:\xampp\htdocs\yii\framework\web\CBaseController.php(126): require('C:\xampp\htdocs...')
#5 C:\xampp\htdocs\yii\framework\web\CBaseController.php(95): CBaseController->renderInternal('C:\xampp\htdocs...', Array, true)
#6 C:\xampp\htdocs\yii\framework\web\widgets\CContentDecorator.php(76): CBaseController->renderFile('C:\xampp\htdocs...', Array, true)
#7 C:\xampp\htdocs\yii\framework\web\widgets\CContentDecorator.php(54): CContentDecorator->decorate('<div id="conten...')
#8 C:\xampp\htdocs\yii\framework\web\widgets\COutputProcessor.php(44): CContentDecorator->processOutput('<div id="conten...')
#9 C:\xampp\htdocs\yii\framework\web\CBaseController.php(206): COutputProcessor->run()
#10 C:\xampp\htdocs\yii\framework\web\CBaseController.php(300): CBaseController->endWidget('CContentDecorat...')
#11 C:\xampp\htdocs\yii\yanapa\themes\classic\views\layouts\column1.php(6): CBaseController->endContent()
#12 C:\xampp\htdocs\yii\framework\web\CBaseController.php(126): require('C:\xampp\htdocs...')
#13 C:\xampp\htdocs\yii\framework\web\CBaseController.php(95): CBaseController->renderInternal('C:\xampp\htdocs...', Array, true)
#14 C:\xampp\htdocs\yii\framework\web\CController.php(784): CBaseController->renderFile('C:\xampp\htdocs...', Array, true)
#15 C:\xampp\htdocs\yii\yanapa\protected\controllers\SiteController.php(32): CController->render('index')
#16 C:\xampp\htdocs\yii\framework\web\actions\CInlineAction.php(49): SiteController->actionIndex()
#17 C:\xampp\htdocs\yii\framework\web\CController.php(308): CInlineAction->runWithParams(Array)
#18 C:\xampp\htdocs\yii\framework\web\CController.php(286): CController->runAction(Object(CInlineAction))
#19 C:\xampp\htdocs\yii\framework\web\CController.php(265): CController->runActionWithFilters(Object(CInlineAction), Array)
#20 C:\xampp\htdocs\yii\framework\web\CWebApplication.php(282): CController->run('')
#21 C:\xampp\htdocs\yii\framework\web\CWebApplication.php(141): CWebApplication->runController('')
#22 C:\xampp\htdocs\yii\framework\base\CApplication.php(180): CWebApplication->processRequest()
#23 C:\xampp\htdocs\yii\yanapa\index.php(13): CApplication->run()
#24 {main}
REQUEST_URI=/yii/yanapa/
---
2014/05/26 09:01:03 [error] [exception.CException] exception 'CException' with message 'Property "CMenu.itemOptions" is not defined.' in C:\xampp\htdocs\yii\framework\base\CComponent.php:173
Stack trace:
#0 C:\xampp\htdocs\yii\framework\web\CWidgetFactory.php(161): CComponent->__set('itemOptions', Array)
#1 C:\xampp\htdocs\yii\framework\web\CBaseController.php(146): CWidgetFactory->createWidget(Object(SiteController), 'zii.widgets.CMe...', Array)
#2 C:\xampp\htdocs\yii\framework\web\CBaseController.php(172): CBaseController->createWidget('zii.widgets.CMe...', Array)
#3 C:\xampp\htdocs\yii\yanapa\themes\classic\views\layouts\main.php(110): CBaseController->widget('zii.widgets.CMe...', Array)
#4 C:\xampp\htdocs\yii\framework\web\CBaseController.php(126): require('C:\xampp\htdocs...')
#5 C:\xampp\htdocs\yii\framework\web\CBaseController.php(95): CBaseController->renderInternal('C:\xampp\htdocs...', Array, true)
#6 C:\xampp\htdocs\yii\framework\web\CController.php(784): CBaseController->renderFile('C:\xampp\htdocs...', Array, true)
#7 C:\xampp\htdocs\yii\yanapa\protected\controllers\SiteController.php(33): CController->render('index')
#8 C:\xampp\htdocs\yii\framework\web\actions\CInlineAction.php(49): SiteController->actionIndex()
#9 C:\xampp\htdocs\yii\framework\web\CController.php(308): CInlineAction->runWithParams(Array)
#10 C:\xampp\htdocs\yii\framework\web\CController.php(286): CController->runAction(Object(CInlineAction))
#11 C:\xampp\htdocs\yii\framework\web\CController.php(265): CController->runActionWithFilters(Object(CInlineAction), Array)
#12 C:\xampp\htdocs\yii\framework\web\CWebApplication.php(282): CController->run('')
#13 C:\xampp\htdocs\yii\framework\web\CWebApplication.php(141): CWebApplication->runController('')
#14 C:\xampp\htdocs\yii\framework\base\CApplication.php(180): CWebApplication->processRequest()
#15 C:\xampp\htdocs\yii\yanapa\index.php(13): CApplication->run()
#16 {main}
REQUEST_URI=/yii/yanapa/
---
2014/05/26 09:01:42 [error] [exception.CException] exception 'CException' with message 'Property "CMenu.linkOptions" is not defined.' in C:\xampp\htdocs\yii\framework\base\CComponent.php:173
Stack trace:
#0 C:\xampp\htdocs\yii\framework\web\CWidgetFactory.php(161): CComponent->__set('linkOptions', Array)
#1 C:\xampp\htdocs\yii\framework\web\CBaseController.php(146): CWidgetFactory->createWidget(Object(SiteController), 'zii.widgets.CMe...', Array)
#2 C:\xampp\htdocs\yii\framework\web\CBaseController.php(172): CBaseController->createWidget('zii.widgets.CMe...', Array)
#3 C:\xampp\htdocs\yii\yanapa\themes\classic\views\layouts\main.php(110): CBaseController->widget('zii.widgets.CMe...', Array)
#4 C:\xampp\htdocs\yii\framework\web\CBaseController.php(126): require('C:\xampp\htdocs...')
#5 C:\xampp\htdocs\yii\framework\web\CBaseController.php(95): CBaseController->renderInternal('C:\xampp\htdocs...', Array, true)
#6 C:\xampp\htdocs\yii\framework\web\CController.php(784): CBaseController->renderFile('C:\xampp\htdocs...', Array, true)
#7 C:\xampp\htdocs\yii\yanapa\protected\controllers\SiteController.php(33): CController->render('index')
#8 C:\xampp\htdocs\yii\framework\web\actions\CInlineAction.php(49): SiteController->actionIndex()
#9 C:\xampp\htdocs\yii\framework\web\CController.php(308): CInlineAction->runWithParams(Array)
#10 C:\xampp\htdocs\yii\framework\web\CController.php(286): CController->runAction(Object(CInlineAction))
#11 C:\xampp\htdocs\yii\framework\web\CController.php(265): CController->runActionWithFilters(Object(CInlineAction), Array)
#12 C:\xampp\htdocs\yii\framework\web\CWebApplication.php(282): CController->run('')
#13 C:\xampp\htdocs\yii\framework\web\CWebApplication.php(141): CWebApplication->runController('')
#14 C:\xampp\htdocs\yii\framework\base\CApplication.php(180): CWebApplication->processRequest()
#15 C:\xampp\htdocs\yii\yanapa\index.php(13): CApplication->run()
#16 {main}
REQUEST_URI=/yii/yanapa/
---
2014/05/26 09:01:57 [error] [exception.CException] exception 'CException' with message 'Property "CMenu.itemOptions" is not defined.' in C:\xampp\htdocs\yii\framework\base\CComponent.php:173
Stack trace:
#0 C:\xampp\htdocs\yii\framework\web\CWidgetFactory.php(161): CComponent->__set('itemOptions', Array)
#1 C:\xampp\htdocs\yii\framework\web\CBaseController.php(146): CWidgetFactory->createWidget(Object(SiteController), 'zii.widgets.CMe...', Array)
#2 C:\xampp\htdocs\yii\framework\web\CBaseController.php(172): CBaseController->createWidget('zii.widgets.CMe...', Array)
#3 C:\xampp\htdocs\yii\yanapa\themes\classic\views\layouts\main.php(110): CBaseController->widget('zii.widgets.CMe...', Array)
#4 C:\xampp\htdocs\yii\framework\web\CBaseController.php(126): require('C:\xampp\htdocs...')
#5 C:\xampp\htdocs\yii\framework\web\CBaseController.php(95): CBaseController->renderInternal('C:\xampp\htdocs...', Array, true)
#6 C:\xampp\htdocs\yii\framework\web\CController.php(784): CBaseController->renderFile('C:\xampp\htdocs...', Array, true)
#7 C:\xampp\htdocs\yii\yanapa\protected\controllers\SiteController.php(33): CController->render('index')
#8 C:\xampp\htdocs\yii\framework\web\actions\CInlineAction.php(49): SiteController->actionIndex()
#9 C:\xampp\htdocs\yii\framework\web\CController.php(308): CInlineAction->runWithParams(Array)
#10 C:\xampp\htdocs\yii\framework\web\CController.php(286): CController->runAction(Object(CInlineAction))
#11 C:\xampp\htdocs\yii\framework\web\CController.php(265): CController->runActionWithFilters(Object(CInlineAction), Array)
#12 C:\xampp\htdocs\yii\framework\web\CWebApplication.php(282): CController->run('')
#13 C:\xampp\htdocs\yii\framework\web\CWebApplication.php(141): CWebApplication->runController('')
#14 C:\xampp\htdocs\yii\framework\base\CApplication.php(180): CWebApplication->processRequest()
#15 C:\xampp\htdocs\yii\yanapa\index.php(13): CApplication->run()
#16 {main}
REQUEST_URI=/yii/yanapa/
---
2014/05/26 09:16:16 [error] [exception.CException] exception 'CException' with message 'Property "CMenu.itemOptions" is not defined.' in C:\xampp\htdocs\yii\framework\base\CComponent.php:173
Stack trace:
#0 C:\xampp\htdocs\yii\framework\web\CWidgetFactory.php(161): CComponent->__set('itemOptions', Array)
#1 C:\xampp\htdocs\yii\framework\web\CBaseController.php(146): CWidgetFactory->createWidget(Object(SiteController), 'zii.widgets.CMe...', Array)
#2 C:\xampp\htdocs\yii\framework\web\CBaseController.php(172): CBaseController->createWidget('zii.widgets.CMe...', Array)
#3 C:\xampp\htdocs\yii\yanapa\themes\classic\views\layouts\main.php(111): CBaseController->widget('zii.widgets.CMe...', Array)
#4 C:\xampp\htdocs\yii\framework\web\CBaseController.php(126): require('C:\xampp\htdocs...')
#5 C:\xampp\htdocs\yii\framework\web\CBaseController.php(95): CBaseController->renderInternal('C:\xampp\htdocs...', Array, true)
#6 C:\xampp\htdocs\yii\framework\web\CController.php(784): CBaseController->renderFile('C:\xampp\htdocs...', Array, true)
#7 C:\xampp\htdocs\yii\yanapa\protected\controllers\SiteController.php(33): CController->render('index')
#8 C:\xampp\htdocs\yii\framework\web\actions\CInlineAction.php(49): SiteController->actionIndex()
#9 C:\xampp\htdocs\yii\framework\web\CController.php(308): CInlineAction->runWithParams(Array)
#10 C:\xampp\htdocs\yii\framework\web\CController.php(286): CController->runAction(Object(CInlineAction))
#11 C:\xampp\htdocs\yii\framework\web\CController.php(265): CController->runActionWithFilters(Object(CInlineAction), Array)
#12 C:\xampp\htdocs\yii\framework\web\CWebApplication.php(282): CController->run('')
#13 C:\xampp\htdocs\yii\framework\web\CWebApplication.php(141): CWebApplication->runController('')
#14 C:\xampp\htdocs\yii\framework\base\CApplication.php(180): CWebApplication->processRequest()
#15 C:\xampp\htdocs\yii\yanapa\index.php(13): CApplication->run()
#16 {main}
REQUEST_URI=/yii/yanapa/
---
2014/05/26 09:19:04 [error] [exception.CException] exception 'CException' with message 'Property "CMenu.itemOptions" is not defined.' in C:\xampp\htdocs\yii\framework\base\CComponent.php:173
Stack trace:
#0 C:\xampp\htdocs\yii\framework\web\CWidgetFactory.php(161): CComponent->__set('itemOptions', Array)
#1 C:\xampp\htdocs\yii\framework\web\CBaseController.php(146): CWidgetFactory->createWidget(Object(SiteController), 'zii.widgets.CMe...', Array)
#2 C:\xampp\htdocs\yii\framework\web\CBaseController.php(172): CBaseController->createWidget('zii.widgets.CMe...', Array)
#3 C:\xampp\htdocs\yii\yanapa\themes\classic\views\layouts\main.php(140): CBaseController->widget('zii.widgets.CMe...', Array)
#4 C:\xampp\htdocs\yii\framework\web\CBaseController.php(126): require('C:\xampp\htdocs...')
#5 C:\xampp\htdocs\yii\framework\web\CBaseController.php(95): CBaseController->renderInternal('C:\xampp\htdocs...', Array, true)
#6 C:\xampp\htdocs\yii\framework\web\CController.php(784): CBaseController->renderFile('C:\xampp\htdocs...', Array, true)
#7 C:\xampp\htdocs\yii\yanapa\protected\controllers\SiteController.php(33): CController->render('index')
#8 C:\xampp\htdocs\yii\framework\web\actions\CInlineAction.php(49): SiteController->actionIndex()
#9 C:\xampp\htdocs\yii\framework\web\CController.php(308): CInlineAction->runWithParams(Array)
#10 C:\xampp\htdocs\yii\framework\web\CController.php(286): CController->runAction(Object(CInlineAction))
#11 C:\xampp\htdocs\yii\framework\web\CController.php(265): CController->runActionWithFilters(Object(CInlineAction), Array)
#12 C:\xampp\htdocs\yii\framework\web\CWebApplication.php(282): CController->run('')
#13 C:\xampp\htdocs\yii\framework\web\CWebApplication.php(141): CWebApplication->runController('')
#14 C:\xampp\htdocs\yii\framework\base\CApplication.php(180): CWebApplication->processRequest()
#15 C:\xampp\htdocs\yii\yanapa\index.php(13): CApplication->run()
#16 {main}
REQUEST_URI=/yii/yanapa/
---
2014/06/18 01:39:06 [error] [php] include(SApplicationLanguageSelectorWidget.php): failed to open stream: No such file or directory (C:\xampp\htdocs\yii\framework\YiiBase.php:427)
Stack trace:
#0 C:\xampp\htdocs\yii\framework\web\CWidgetFactory.php(146): import()
#1 C:\xampp\htdocs\yii\framework\web\CBaseController.php(146): CWidgetFactory->createWidget()
#2 C:\xampp\htdocs\yii\framework\web\CBaseController.php(172): SiteController->createWidget()
#3 C:\xampp\htdocs\yii\yanapa\themes\classic\views\layouts\main.php(43): SiteController->widget()
#4 C:\xampp\htdocs\yii\framework\web\CBaseController.php(126): require()
#5 C:\xampp\htdocs\yii\framework\web\CBaseController.php(95): SiteController->renderInternal()
#6 C:\xampp\htdocs\yii\framework\web\CController.php(784): SiteController->renderFile()
#7 C:\xampp\htdocs\yii\yanapa\protected\controllers\SiteController.php(33): SiteController->render()
#8 C:\xampp\htdocs\yii\framework\web\actions\CInlineAction.php(49): SiteController->actionIndex()
#9 C:\xampp\htdocs\yii\framework\web\CController.php(308): CInlineAction->runWithParams()
#10 C:\xampp\htdocs\yii\framework\web\CController.php(286): SiteController->runAction()
#11 C:\xampp\htdocs\yii\framework\web\CController.php(265): SiteController->runActionWithFilters()
#12 C:\xampp\htdocs\yii\framework\web\CWebApplication.php(282): SiteController->run()
#13 C:\xampp\htdocs\yii\framework\web\CWebApplication.php(141): CWebApplication->runController()
#14 C:\xampp\htdocs\yii\framework\base\CApplication.php(180): CWebApplication->processRequest()
#15 C:\xampp\htdocs\yii\yanapa\index.php(13): CWebApplication->run()
REQUEST_URI=/yii/yanapa/
in C:\xampp\htdocs\yii\yanapa\themes\classic\views\layouts\main.php (43)
in C:\xampp\htdocs\yii\yanapa\protected\controllers\SiteController.php (33)
in C:\xampp\htdocs\yii\yanapa\index.php (13)
2014/06/18 01:39:44 [error] [php] include(SApplicationLanguageSelectorWidget.php): failed to open stream: No such file or directory (C:\xampp\htdocs\yii\framework\YiiBase.php:427)
Stack trace:
#0 C:\xampp\htdocs\yii\framework\web\CWidgetFactory.php(146): import()
#1 C:\xampp\htdocs\yii\framework\web\CBaseController.php(146): CWidgetFactory->createWidget()
#2 C:\xampp\htdocs\yii\framework\web\CBaseController.php(172): SiteController->createWidget()
#3 C:\xampp\htdocs\yii\yanapa\themes\classic\views\layouts\main.php(43): SiteController->widget()
#4 C:\xampp\htdocs\yii\framework\web\CBaseController.php(126): require()
#5 C:\xampp\htdocs\yii\framework\web\CBaseController.php(95): SiteController->renderInternal()
#6 C:\xampp\htdocs\yii\framework\web\CController.php(784): SiteController->renderFile()
#7 C:\xampp\htdocs\yii\yanapa\protected\controllers\SiteController.php(33): SiteController->render()
#8 C:\xampp\htdocs\yii\framework\web\actions\CInlineAction.php(49): SiteController->actionIndex()
#9 C:\xampp\htdocs\yii\framework\web\CController.php(308): CInlineAction->runWithParams()
#10 C:\xampp\htdocs\yii\framework\web\CController.php(286): SiteController->runAction()
#11 C:\xampp\htdocs\yii\framework\web\CController.php(265): SiteController->runActionWithFilters()
#12 C:\xampp\htdocs\yii\framework\web\CWebApplication.php(282): SiteController->run()
#13 C:\xampp\htdocs\yii\framework\web\CWebApplication.php(141): CWebApplication->runController()
#14 C:\xampp\htdocs\yii\framework\base\CApplication.php(180): CWebApplication->processRequest()
#15 C:\xampp\htdocs\yii\yanapa\index.php(13): CWebApplication->run()
REQUEST_URI=/yii/yanapa/
in C:\xampp\htdocs\yii\yanapa\themes\classic\views\layouts\main.php (43)
in C:\xampp\htdocs\yii\yanapa\protected\controllers\SiteController.php (33)
in C:\xampp\htdocs\yii\yanapa\index.php (13)
2014/06/18 01:39:47 [error] [php] include(SApplicationLanguageSelectorWidget.php): failed to open stream: No such file or directory (C:\xampp\htdocs\yii\framework\YiiBase.php:427)
Stack trace:
#0 C:\xampp\htdocs\yii\framework\web\CWidgetFactory.php(146): import()
#1 C:\xampp\htdocs\yii\framework\web\CBaseController.php(146): CWidgetFactory->createWidget()
#2 C:\xampp\htdocs\yii\framework\web\CBaseController.php(172): SiteController->createWidget()
#3 C:\xampp\htdocs\yii\yanapa\themes\classic\views\layouts\main.php(43): SiteController->widget()
#4 C:\xampp\htdocs\yii\framework\web\CBaseController.php(126): require()
#5 C:\xampp\htdocs\yii\framework\web\CBaseController.php(95): SiteController->renderInternal()
#6 C:\xampp\htdocs\yii\framework\web\CController.php(784): SiteController->renderFile()
#7 C:\xampp\htdocs\yii\yanapa\protected\controllers\SiteController.php(33): SiteController->render()
#8 C:\xampp\htdocs\yii\framework\web\actions\CInlineAction.php(49): SiteController->actionIndex()
#9 C:\xampp\htdocs\yii\framework\web\CController.php(308): CInlineAction->runWithParams()
#10 C:\xampp\htdocs\yii\framework\web\CController.php(286): SiteController->runAction()
#11 C:\xampp\htdocs\yii\framework\web\CController.php(265): SiteController->runActionWithFilters()
#12 C:\xampp\htdocs\yii\framework\web\CWebApplication.php(282): SiteController->run()
#13 C:\xampp\htdocs\yii\framework\web\CWebApplication.php(141): CWebApplication->runController()
#14 C:\xampp\htdocs\yii\framework\base\CApplication.php(180): CWebApplication->processRequest()
#15 C:\xampp\htdocs\yii\yanapa\index.php(13): CWebApplication->run()
REQUEST_URI=/yii/yanapa/
in C:\xampp\htdocs\yii\yanapa\themes\classic\views\layouts\main.php (43)
in C:\xampp\htdocs\yii\yanapa\protected\controllers\SiteController.php (33)
in C:\xampp\htdocs\yii\yanapa\index.php (13)
2014/06/18 01:41:16 [error] [php] include(SApplicationLanguageSelectorWidget.php): failed to open stream: No such file or directory (C:\xampp\htdocs\yii\framework\YiiBase.php:427)
Stack trace:
#0 C:\xampp\htdocs\yii\framework\web\CWidgetFactory.php(146): import()
#1 C:\xampp\htdocs\yii\framework\web\CBaseController.php(146): CWidgetFactory->createWidget()
#2 C:\xampp\htdocs\yii\framework\web\CBaseController.php(172): SiteController->createWidget()
#3 C:\xampp\htdocs\yii\yanapa\themes\classic\views\layouts\main.php(43): SiteController->widget()
#4 C:\xampp\htdocs\yii\framework\web\CBaseController.php(126): require()
#5 C:\xampp\htdocs\yii\framework\web\CBaseController.php(95): SiteController->renderInternal()
#6 C:\xampp\htdocs\yii\framework\web\CController.php(784): SiteController->renderFile()
#7 C:\xampp\htdocs\yii\yanapa\protected\controllers\SiteController.php(33): SiteController->render()
#8 C:\xampp\htdocs\yii\framework\web\actions\CInlineAction.php(49): SiteController->actionIndex()
#9 C:\xampp\htdocs\yii\framework\web\CController.php(308): CInlineAction->runWithParams()
#10 C:\xampp\htdocs\yii\framework\web\CController.php(286): SiteController->runAction()
#11 C:\xampp\htdocs\yii\framework\web\CController.php(265): SiteController->runActionWithFilters()
#12 C:\xampp\htdocs\yii\framework\web\CWebApplication.php(282): SiteController->run()
#13 C:\xampp\htdocs\yii\framework\web\CWebApplication.php(141): CWebApplication->runController()
#14 C:\xampp\htdocs\yii\framework\base\CApplication.php(180): CWebApplication->processRequest()
#15 C:\xampp\htdocs\yii\yanapa\index.php(13): CWebApplication->run()
REQUEST_URI=/yii/yanapa/
in C:\xampp\htdocs\yii\yanapa\themes\classic\views\layouts\main.php (43)
in C:\xampp\htdocs\yii\yanapa\protected\controllers\SiteController.php (33)
in C:\xampp\htdocs\yii\yanapa\index.php (13)
2014/06/18 01:42:02 [error] [php] include(SApplicationLanguageSelectorWidget.php): failed to open stream: No such file or directory (C:\xampp\htdocs\yii\framework\YiiBase.php:427)
Stack trace:
#0 C:\xampp\htdocs\yii\framework\web\CWidgetFactory.php(146): import()
#1 C:\xampp\htdocs\yii\framework\web\CBaseController.php(146): CWidgetFactory->createWidget()
#2 C:\xampp\htdocs\yii\framework\web\CBaseController.php(172): SiteController->createWidget()
#3 C:\xampp\htdocs\yii\yanapa\themes\classic\views\layouts\main.php(43): SiteController->widget()
#4 C:\xampp\htdocs\yii\framework\web\CBaseController.php(126): require()
#5 C:\xampp\htdocs\yii\framework\web\CBaseController.php(95): SiteController->renderInternal()
#6 C:\xampp\htdocs\yii\framework\web\CController.php(784): SiteController->renderFile()
#7 C:\xampp\htdocs\yii\yanapa\protected\controllers\SiteController.php(33): SiteController->render()
#8 C:\xampp\htdocs\yii\framework\web\actions\CInlineAction.php(49): SiteController->actionIndex()
#9 C:\xampp\htdocs\yii\framework\web\CController.php(308): CInlineAction->runWithParams()
#10 C:\xampp\htdocs\yii\framework\web\CController.php(286): SiteController->runAction()
#11 C:\xampp\htdocs\yii\framework\web\CController.php(265): SiteController->runActionWithFilters()
#12 C:\xampp\htdocs\yii\framework\web\CWebApplication.php(282): SiteController->run()
#13 C:\xampp\htdocs\yii\framework\web\CWebApplication.php(141): CWebApplication->runController()
#14 C:\xampp\htdocs\yii\framework\base\CApplication.php(180): CWebApplication->processRequest()
#15 C:\xampp\htdocs\yii\yanapa\index.php(13): CWebApplication->run()
REQUEST_URI=/yii/yanapa/
in C:\xampp\htdocs\yii\yanapa\themes\classic\views\layouts\main.php (43)
in C:\xampp\htdocs\yii\yanapa\protected\controllers\SiteController.php (33)
in C:\xampp\htdocs\yii\yanapa\index.php (13)
2014/06/18 02:19:28 [error] [php] include(SApplicationLanguageSelectorWidget.php): failed to open stream: No such file or directory (C:\xampp\htdocs\yii\framework\YiiBase.php:427)
Stack trace:
#0 C:\xampp\htdocs\yii\framework\web\CWidgetFactory.php(146): import()
#1 C:\xampp\htdocs\yii\framework\web\CBaseController.php(146): CWidgetFactory->createWidget()
#2 C:\xampp\htdocs\yii\framework\web\CBaseController.php(172): SiteController->createWidget()
#3 C:\xampp\htdocs\yii\yanapa\themes\classic\views\layouts\main.php(43): SiteController->widget()
#4 C:\xampp\htdocs\yii\framework\web\CBaseController.php(126): require()
#5 C:\xampp\htdocs\yii\framework\web\CBaseController.php(95): SiteController->renderInternal()
#6 C:\xampp\htdocs\yii\framework\web\CController.php(784): SiteController->renderFile()
#7 C:\xampp\htdocs\yii\yanapa\protected\controllers\SiteController.php(33): SiteController->render()
#8 C:\xampp\htdocs\yii\framework\web\actions\CInlineAction.php(49): SiteController->actionIndex()
#9 C:\xampp\htdocs\yii\framework\web\CController.php(308): CInlineAction->runWithParams()
#10 C:\xampp\htdocs\yii\framework\web\CController.php(286): SiteController->runAction()
#11 C:\xampp\htdocs\yii\framework\web\CController.php(265): SiteController->runActionWithFilters()
#12 C:\xampp\htdocs\yii\framework\web\CWebApplication.php(282): SiteController->run()
#13 C:\xampp\htdocs\yii\framework\web\CWebApplication.php(141): CWebApplication->runController()
#14 C:\xampp\htdocs\yii\framework\base\CApplication.php(180): CWebApplication->processRequest()
#15 C:\xampp\htdocs\yii\yanapa\index.php(13): CWebApplication->run()
REQUEST_URI=/yii/yanapa/
in C:\xampp\htdocs\yii\yanapa\themes\classic\views\layouts\main.php (43)
in C:\xampp\htdocs\yii\yanapa\protected\controllers\SiteController.php (33)
in C:\xampp\htdocs\yii\yanapa\index.php (13)
2014/06/18 02:26:20 [error] [php] include(SApplicationLanguageSelectorWidget.php): failed to open stream: No such file or directory (C:\xampp\htdocs\yii\framework\YiiBase.php:427)
Stack trace:
#0 C:\xampp\htdocs\yii\framework\web\CWidgetFactory.php(146): import()
#1 C:\xampp\htdocs\yii\framework\web\CBaseController.php(146): CWidgetFactory->createWidget()
#2 C:\xampp\htdocs\yii\framework\web\CBaseController.php(172): SiteController->createWidget()
#3 C:\xampp\htdocs\yii\yanapa\themes\classic\views\layouts\main.php(43): SiteController->widget()
#4 C:\xampp\htdocs\yii\framework\web\CBaseController.php(126): require()
#5 C:\xampp\htdocs\yii\framework\web\CBaseController.php(95): SiteController->renderInternal()
#6 C:\xampp\htdocs\yii\framework\web\CController.php(784): SiteController->renderFile()
#7 C:\xampp\htdocs\yii\yanapa\protected\controllers\SiteController.php(33): SiteController->render()
#8 C:\xampp\htdocs\yii\framework\web\actions\CInlineAction.php(49): SiteController->actionIndex()
#9 C:\xampp\htdocs\yii\framework\web\CController.php(308): CInlineAction->runWithParams()
#10 C:\xampp\htdocs\yii\framework\web\CController.php(286): SiteController->runAction()
#11 C:\xampp\htdocs\yii\framework\web\CController.php(265): SiteController->runActionWithFilters()
#12 C:\xampp\htdocs\yii\framework\web\CWebApplication.php(282): SiteController->run()
#13 C:\xampp\htdocs\yii\framework\web\CWebApplication.php(141): CWebApplication->runController()
#14 C:\xampp\htdocs\yii\framework\base\CApplication.php(180): CWebApplication->processRequest()
#15 C:\xampp\htdocs\yii\yanapa\index.php(13): CWebApplication->run()
REQUEST_URI=/yii/yanapa/
in C:\xampp\htdocs\yii\yanapa\themes\classic\views\layouts\main.php (43)
in C:\xampp\htdocs\yii\yanapa\protected\controllers\SiteController.php (33)
in C:\xampp\htdocs\yii\yanapa\index.php (13)
2014/06/18 02:26:22 [error] [php] include(SApplicationLanguageSelectorWidget.php): failed to open stream: No such file or directory (C:\xampp\htdocs\yii\framework\YiiBase.php:427)
Stack trace:
#0 C:\xampp\htdocs\yii\framework\web\CWidgetFactory.php(146): import()
#1 C:\xampp\htdocs\yii\framework\web\CBaseController.php(146): CWidgetFactory->createWidget()
#2 C:\xampp\htdocs\yii\framework\web\CBaseController.php(172): SiteController->createWidget()
#3 C:\xampp\htdocs\yii\yanapa\themes\classic\views\layouts\main.php(43): SiteController->widget()
#4 C:\xampp\htdocs\yii\framework\web\CBaseController.php(126): require()
#5 C:\xampp\htdocs\yii\framework\web\CBaseController.php(95): SiteController->renderInternal()
#6 C:\xampp\htdocs\yii\framework\web\CController.php(784): SiteController->renderFile()
#7 C:\xampp\htdocs\yii\yanapa\protected\controllers\SiteController.php(33): SiteController->render()
#8 C:\xampp\htdocs\yii\framework\web\actions\CInlineAction.php(49): SiteController->actionIndex()
#9 C:\xampp\htdocs\yii\framework\web\CController.php(308): CInlineAction->runWithParams()
#10 C:\xampp\htdocs\yii\framework\web\CController.php(286): SiteController->runAction()
#11 C:\xampp\htdocs\yii\framework\web\CController.php(265): SiteController->runActionWithFilters()
#12 C:\xampp\htdocs\yii\framework\web\CWebApplication.php(282): SiteController->run()
#13 C:\xampp\htdocs\yii\framework\web\CWebApplication.php(141): CWebApplication->runController()
#14 C:\xampp\htdocs\yii\framework\base\CApplication.php(180): CWebApplication->processRequest()
#15 C:\xampp\htdocs\yii\yanapa\index.php(13): CWebApplication->run()
REQUEST_URI=/yii/yanapa/
in C:\xampp\htdocs\yii\yanapa\themes\classic\views\layouts\main.php (43)
in C:\xampp\htdocs\yii\yanapa\protected\controllers\SiteController.php (33)
in C:\xampp\htdocs\yii\yanapa\index.php (13)
2014/06/18 02:26:59 [error] [php] include(SApplicationLanguageSelectorWidget.php): failed to open stream: No such file or directory (C:\xampp\htdocs\yii\framework\YiiBase.php:427)
Stack trace:
#0 C:\xampp\htdocs\yii\framework\web\CWidgetFactory.php(146): import()
#1 C:\xampp\htdocs\yii\framework\web\CBaseController.php(146): CWidgetFactory->createWidget()
#2 C:\xampp\htdocs\yii\framework\web\CBaseController.php(172): SiteController->createWidget()
#3 C:\xampp\htdocs\yii\yanapa\themes\classic\views\layouts\main.php(43): SiteController->widget()
#4 C:\xampp\htdocs\yii\framework\web\CBaseController.php(126): require()
#5 C:\xampp\htdocs\yii\framework\web\CBaseController.php(95): SiteController->renderInternal()
#6 C:\xampp\htdocs\yii\framework\web\CController.php(784): SiteController->renderFile()
#7 C:\xampp\htdocs\yii\yanapa\protected\controllers\SiteController.php(33): SiteController->render()
#8 C:\xampp\htdocs\yii\framework\web\actions\CInlineAction.php(49): SiteController->actionIndex()
#9 C:\xampp\htdocs\yii\framework\web\CController.php(308): CInlineAction->runWithParams()
#10 C:\xampp\htdocs\yii\framework\web\CController.php(286): SiteController->runAction()
#11 C:\xampp\htdocs\yii\framework\web\CController.php(265): SiteController->runActionWithFilters()
#12 C:\xampp\htdocs\yii\framework\web\CWebApplication.php(282): SiteController->run()
#13 C:\xampp\htdocs\yii\framework\web\CWebApplication.php(141): CWebApplication->runController()
#14 C:\xampp\htdocs\yii\framework\base\CApplication.php(180): CWebApplication->processRequest()
#15 C:\xampp\htdocs\yii\yanapa\index.php(13): CWebApplication->run()
REQUEST_URI=/yii/yanapa/
in C:\xampp\htdocs\yii\yanapa\themes\classic\views\layouts\main.php (43)
in C:\xampp\htdocs\yii\yanapa\protected\controllers\SiteController.php (33)
in C:\xampp\htdocs\yii\yanapa\index.php (13)
2014/06/18 02:36:06 [error] [php] include(SApplicationLanguageSelectorWidget.php): failed to open stream: No such file or directory (C:\xampp\htdocs\yii\framework\YiiBase.php:427)
Stack trace:
#0 C:\xampp\htdocs\yii\framework\web\CWidgetFactory.php(146): import()
#1 C:\xampp\htdocs\yii\framework\web\CBaseController.php(146): CWidgetFactory->createWidget()
#2 C:\xampp\htdocs\yii\framework\web\CBaseController.php(172): SiteController->createWidget()
#3 C:\xampp\htdocs\yii\yanapa\themes\classic\views\layouts\main.php(43): SiteController->widget()
#4 C:\xampp\htdocs\yii\framework\web\CBaseController.php(126): require()
#5 C:\xampp\htdocs\yii\framework\web\CBaseController.php(95): SiteController->renderInternal()
#6 C:\xampp\htdocs\yii\framework\web\CController.php(784): SiteController->renderFile()
#7 C:\xampp\htdocs\yii\yanapa\protected\controllers\SiteController.php(33): SiteController->render()
#8 C:\xampp\htdocs\yii\framework\web\actions\CInlineAction.php(49): SiteController->actionIndex()
#9 C:\xampp\htdocs\yii\framework\web\CController.php(308): CInlineAction->runWithParams()
#10 C:\xampp\htdocs\yii\framework\web\CController.php(286): SiteController->runAction()
#11 C:\xampp\htdocs\yii\framework\web\CController.php(265): SiteController->runActionWithFilters()
#12 C:\xampp\htdocs\yii\framework\web\CWebApplication.php(282): SiteController->run()
#13 C:\xampp\htdocs\yii\framework\web\CWebApplication.php(141): CWebApplication->runController()
#14 C:\xampp\htdocs\yii\framework\base\CApplication.php(180): CWebApplication->processRequest()
#15 C:\xampp\htdocs\yii\yanapa\index.php(13): CWebApplication->run()
REQUEST_URI=/yii/yanapa/
in C:\xampp\htdocs\yii\yanapa\themes\classic\views\layouts\main.php (43)
in C:\xampp\htdocs\yii\yanapa\protected\controllers\SiteController.php (33)
in C:\xampp\htdocs\yii\yanapa\index.php (13)
2014/06/18 02:39:38 [error] [php] include(SApplicationLanguageSelectorWidget.php): failed to open stream: No such file or directory (C:\xampp\htdocs\yii\framework\YiiBase.php:427)
Stack trace:
#0 C:\xampp\htdocs\yii\framework\web\CWidgetFactory.php(146): import()
#1 C:\xampp\htdocs\yii\framework\web\CBaseController.php(146): CWidgetFactory->createWidget()
#2 C:\xampp\htdocs\yii\framework\web\CBaseController.php(172): SiteController->createWidget()
#3 C:\xampp\htdocs\yii\yanapa\themes\classic\views\layouts\main.php(43): SiteController->widget()
#4 C:\xampp\htdocs\yii\framework\web\CBaseController.php(126): require()
#5 C:\xampp\htdocs\yii\framework\web\CBaseController.php(95): SiteController->renderInternal()
#6 C:\xampp\htdocs\yii\framework\web\CController.php(784): SiteController->renderFile()
#7 C:\xampp\htdocs\yii\yanapa\protected\controllers\SiteController.php(33): SiteController->render()
#8 C:\xampp\htdocs\yii\framework\web\actions\CInlineAction.php(49): SiteController->actionIndex()
#9 C:\xampp\htdocs\yii\framework\web\CController.php(308): CInlineAction->runWithParams()
#10 C:\xampp\htdocs\yii\framework\web\CController.php(286): SiteController->runAction()
#11 C:\xampp\htdocs\yii\framework\web\CController.php(265): SiteController->runActionWithFilters()
#12 C:\xampp\htdocs\yii\framework\web\CWebApplication.php(282): SiteController->run()
#13 C:\xampp\htdocs\yii\framework\web\CWebApplication.php(141): CWebApplication->runController()
#14 C:\xampp\htdocs\yii\framework\base\CApplication.php(180): CWebApplication->processRequest()
#15 C:\xampp\htdocs\yii\yanapa\index.php(13): CWebApplication->run()
REQUEST_URI=/yii/yanapa/
in C:\xampp\htdocs\yii\yanapa\themes\classic\views\layouts\main.php (43)
in C:\xampp\htdocs\yii\yanapa\protected\controllers\SiteController.php (33)
in C:\xampp\htdocs\yii\yanapa\index.php (13)
2014/06/18 02:44:11 [error] [php] include(SApplicationLanguageSelectorWidget.php): failed to open stream: No such file or directory (C:\xampp\htdocs\yii\framework\YiiBase.php:427)
Stack trace:
#0 C:\xampp\htdocs\yii\framework\web\CWidgetFactory.php(146): import()
#1 C:\xampp\htdocs\yii\framework\web\CBaseController.php(146): CWidgetFactory->createWidget()
#2 C:\xampp\htdocs\yii\framework\web\CBaseController.php(172): SiteController->createWidget()
#3 C:\xampp\htdocs\yii\yanapa2\themes\classic\views\layouts\main.php(43): SiteController->widget()
#4 C:\xampp\htdocs\yii\framework\web\CBaseController.php(126): require()
#5 C:\xampp\htdocs\yii\framework\web\CBaseController.php(95): SiteController->renderInternal()
#6 C:\xampp\htdocs\yii\framework\web\CController.php(784): SiteController->renderFile()
#7 C:\xampp\htdocs\yii\yanapa2\protected\controllers\SiteController.php(33): SiteController->render()
#8 C:\xampp\htdocs\yii\framework\web\actions\CInlineAction.php(49): SiteController->actionIndex()
#9 C:\xampp\htdocs\yii\framework\web\CController.php(308): CInlineAction->runWithParams()
#10 C:\xampp\htdocs\yii\framework\web\CController.php(286): SiteController->runAction()
#11 C:\xampp\htdocs\yii\framework\web\CController.php(265): SiteController->runActionWithFilters()
#12 C:\xampp\htdocs\yii\framework\web\CWebApplication.php(282): SiteController->run()
#13 C:\xampp\htdocs\yii\framework\web\CWebApplication.php(141): CWebApplication->runController()
#14 C:\xampp\htdocs\yii\framework\base\CApplication.php(180): CWebApplication->processRequest()
#15 C:\xampp\htdocs\yii\yanapa2\index.php(13): CWebApplication->run()
REQUEST_URI=/yii/yanapa2/
in C:\xampp\htdocs\yii\yanapa2\themes\classic\views\layouts\main.php (43)
in C:\xampp\htdocs\yii\yanapa2\protected\controllers\SiteController.php (33)
in C:\xampp\htdocs\yii\yanapa2\index.php (13)
2014/06/18 02:47:26 [error] [php] include(SApplicationLanguageSelectorWidget.php): failed to open stream: No such file or directory (C:\xampp\htdocs\yii\framework\YiiBase.php:427)
Stack trace:
#0 C:\xampp\htdocs\yii\framework\web\CWidgetFactory.php(146): import()
#1 C:\xampp\htdocs\yii\framework\web\CBaseController.php(146): CWidgetFactory->createWidget()
#2 C:\xampp\htdocs\yii\framework\web\CBaseController.php(172): SiteController->createWidget()
#3 C:\xampp\htdocs\yii\yanapa2\themes\classic\views\layouts\main.php(43): SiteController->widget()
#4 C:\xampp\htdocs\yii\framework\web\CBaseController.php(126): require()
#5 C:\xampp\htdocs\yii\framework\web\CBaseController.php(95): SiteController->renderInternal()
#6 C:\xampp\htdocs\yii\framework\web\CController.php(784): SiteController->renderFile()
#7 C:\xampp\htdocs\yii\yanapa2\protected\controllers\SiteController.php(33): SiteController->render()
#8 C:\xampp\htdocs\yii\framework\web\actions\CInlineAction.php(49): SiteController->actionIndex()
#9 C:\xampp\htdocs\yii\framework\web\CController.php(308): CInlineAction->runWithParams()
#10 C:\xampp\htdocs\yii\framework\web\CController.php(286): SiteController->runAction()
#11 C:\xampp\htdocs\yii\framework\web\CController.php(265): SiteController->runActionWithFilters()
#12 C:\xampp\htdocs\yii\framework\web\CWebApplication.php(282): SiteController->run()
#13 C:\xampp\htdocs\yii\framework\web\CWebApplication.php(141): CWebApplication->runController()
#14 C:\xampp\htdocs\yii\framework\base\CApplication.php(180): CWebApplication->processRequest()
#15 C:\xampp\htdocs\yii\yanapa2\index.php(13): CWebApplication->run()
REQUEST_URI=/yii/yanapa2/
in C:\xampp\htdocs\yii\yanapa2\themes\classic\views\layouts\main.php (43)
in C:\xampp\htdocs\yii\yanapa2\protected\controllers\SiteController.php (33)
in C:\xampp\htdocs\yii\yanapa2\index.php (13)
2014/06/18 02:49:07 [error] [php] include(SApplicationLanguageSelectorWidget.php): failed to open stream: No such file or directory (C:\xampp\htdocs\yii\framework\YiiBase.php:427)
Stack trace:
#0 C:\xampp\htdocs\yii\framework\web\CWidgetFactory.php(146): import()
#1 C:\xampp\htdocs\yii\framework\web\CBaseController.php(146): CWidgetFactory->createWidget()
#2 C:\xampp\htdocs\yii\framework\web\CBaseController.php(172): SiteController->createWidget()
#3 C:\xampp\htdocs\yii\yanapa2\themes\classic\views\layouts\main.php(43): SiteController->widget()
#4 C:\xampp\htdocs\yii\framework\web\CBaseController.php(126): require()
#5 C:\xampp\htdocs\yii\framework\web\CBaseController.php(95): SiteController->renderInternal()
#6 C:\xampp\htdocs\yii\framework\web\CController.php(784): SiteController->renderFile()
#7 C:\xampp\htdocs\yii\yanapa2\protected\controllers\SiteController.php(33): SiteController->render()
#8 C:\xampp\htdocs\yii\framework\web\actions\CInlineAction.php(49): SiteController->actionIndex()
#9 C:\xampp\htdocs\yii\framework\web\CController.php(308): CInlineAction->runWithParams()
#10 C:\xampp\htdocs\yii\framework\web\CController.php(286): SiteController->runAction()
#11 C:\xampp\htdocs\yii\framework\web\CController.php(265): SiteController->runActionWithFilters()
#12 C:\xampp\htdocs\yii\framework\web\CWebApplication.php(282): SiteController->run()
#13 C:\xampp\htdocs\yii\framework\web\CWebApplication.php(141): CWebApplication->runController()
#14 C:\xampp\htdocs\yii\framework\base\CApplication.php(180): CWebApplication->processRequest()
#15 C:\xampp\htdocs\yii\yanapa2\index.php(13): CWebApplication->run()
REQUEST_URI=/yii/yanapa2/
in C:\xampp\htdocs\yii\yanapa2\themes\classic\views\layouts\main.php (43)
in C:\xampp\htdocs\yii\yanapa2\protected\controllers\SiteController.php (33)
in C:\xampp\htdocs\yii\yanapa2\index.php (13)
2014/06/18 03:00:12 [error] [exception.CDbException] exception 'CDbException' with message 'CDbConnection failed to open the DB connection: SQLSTATE[HY000] [1049] Unknown database 'testdrive'' in C:\xampp\htdocs\yii\framework\db\CDbConnection.php:382
Stack trace:
#0 C:\xampp\htdocs\yii\framework\db\CDbConnection.php(330): CDbConnection->open()
#1 C:\xampp\htdocs\yii\framework\db\CDbConnection.php(308): CDbConnection->setActive(true)
#2 C:\xampp\htdocs\yii\framework\base\CModule.php(387): CDbConnection->init()
#3 C:\xampp\htdocs\yii\framework\base\CApplication.php(450): CModule->getComponent('db')
#4 C:\xampp\htdocs\yii\framework\db\ar\CActiveRecord.php(634): CApplication->getDb()
#5 C:\xampp\htdocs\yii\framework\db\ar\CActiveRecord.php(667): CActiveRecord->getDbConnection()
#6 C:\xampp\htdocs\yii\framework\db\ar\CActiveRecord.php(1469): CActiveRecord->getCommandBuilder()
#7 C:\xampp\htdocs\yii\yanapa2\protected\models\Langparams.php(33): CActiveRecord->findAll()
#8 C:\xampp\htdocs\yii\yanapa2\protected\models\Language.php(137): Langparams->getLangs()
#9 C:\xampp\htdocs\yii\framework\db\ar\CActiveRecord.php(396): Language->behaviors()
#10 C:\xampp\htdocs\yii\yanapa2\protected\models\Language.php(31): CActiveRecord::model('Language')
#11 C:\xampp\htdocs\yii\yanapa2\protected\components\behaviors\SBeginRequestBehavior.php(73): Language::model()
#12 C:\xampp\htdocs\yii\framework\base\CComponent.php(561): SBeginRequestBehavior->loadLanguage(Object(CEvent))
#13 C:\xampp\htdocs\yii\framework\base\CApplication.php(207): CComponent->raiseEvent('onBeginRequest', Object(CEvent))
#14 C:\xampp\htdocs\yii\framework\base\CApplication.php(178): CApplication->onBeginRequest(Object(CEvent))
#15 C:\xampp\htdocs\yii\yanapa2\index.php(13): CApplication->run()
#16 {main}
REQUEST_URI=/yii/yanapa2/
---
2014/06/18 03:05:31 [error] [exception.CException] exception 'CException' with message 'Alias "ext.bootstrap.components.Bootstrap" is invalid. Make sure it points to an existing PHP file and the file is readable.' in C:\xampp\htdocs\yii\framework\YiiBase.php:322
Stack trace:
#0 C:\xampp\htdocs\yii\framework\YiiBase.php(196): YiiBase::import('ext.bootstrap.c...', true)
#1 C:\xampp\htdocs\yii\framework\base\CModule.php(386): YiiBase::createComponent(Array)
#2 C:\xampp\htdocs\yii\framework\base\CModule.php(523): CModule->getComponent('bootstrap')
#3 C:\xampp\htdocs\yii\framework\base\CApplication.php(163): CModule->preloadComponents()
#4 C:\xampp\htdocs\yii\framework\YiiBase.php(125): CApplication->__construct('C:\xampp\htdocs...')
#5 C:\xampp\htdocs\yii\framework\YiiBase.php(98): YiiBase::createApplication('CWebApplication', 'C:\xampp\htdocs...')
#6 C:\xampp\htdocs\yii\yanapa2\index.php(13): YiiBase::createWebApplication('C:\xampp\htdocs...')
#7 {main}
REQUEST_URI=/yii/yanapa2/
---
2014/06/18 03:06:54 [error] [exception.CException] exception 'CException' with message 'Object configuration must be an array containing a "class" element.' in C:\xampp\htdocs\yii\framework\YiiBase.php:193
Stack trace:
#0 C:\xampp\htdocs\yii\framework\base\CModule.php(386): YiiBase::createComponent(Array)
#1 C:\xampp\htdocs\yii\framework\base\CModule.php(523): CModule->getComponent('bootstrap')
#2 C:\xampp\htdocs\yii\framework\base\CApplication.php(163): CModule->preloadComponents()
#3 C:\xampp\htdocs\yii\framework\YiiBase.php(125): CApplication->__construct('C:\xampp\htdocs...')
#4 C:\xampp\htdocs\yii\framework\YiiBase.php(98): YiiBase::createApplication('CWebApplication', 'C:\xampp\htdocs...')
#5 C:\xampp\htdocs\yii\yanapa2\index.php(13): YiiBase::createWebApplication('C:\xampp\htdocs...')
#6 {main}
REQUEST_URI=/yii/yanapa2/
---
2014/06/18 03:08:49 [error] [exception.CException] exception 'CException' with message 'Object configuration must be an array containing a "class" element.' in C:\xampp\htdocs\yii\framework\YiiBase.php:193
Stack trace:
#0 C:\xampp\htdocs\yii\framework\base\CModule.php(386): YiiBase::createComponent(Array)
#1 C:\xampp\htdocs\yii\framework\base\CModule.php(523): CModule->getComponent('bootstrap')
#2 C:\xampp\htdocs\yii\framework\base\CApplication.php(163): CModule->preloadComponents()
#3 C:\xampp\htdocs\yii\framework\YiiBase.php(125): CApplication->__construct('C:\xampp\htdocs...')
#4 C:\xampp\htdocs\yii\framework\YiiBase.php(98): YiiBase::createApplication('CWebApplication', 'C:\xampp\htdocs...')
#5 C:\xampp\htdocs\yii\yanapa2\index.php(13): YiiBase::createWebApplication('C:\xampp\htdocs...')
#6 {main}
REQUEST_URI=/yii/yanapa2/
---
2014/06/18 03:08:51 [error] [exception.CException] exception 'CException' with message 'Object configuration must be an array containing a "class" element.' in C:\xampp\htdocs\yii\framework\YiiBase.php:193
Stack trace:
#0 C:\xampp\htdocs\yii\framework\base\CModule.php(386): YiiBase::createComponent(Array)
#1 C:\xampp\htdocs\yii\framework\base\CModule.php(523): CModule->getComponent('bootstrap')
#2 C:\xampp\htdocs\yii\framework\base\CApplication.php(163): CModule->preloadComponents()
#3 C:\xampp\htdocs\yii\framework\YiiBase.php(125): CApplication->__construct('C:\xampp\htdocs...')
#4 C:\xampp\htdocs\yii\framework\YiiBase.php(98): YiiBase::createApplication('CWebApplication', 'C:\xampp\htdocs...')
#5 C:\xampp\htdocs\yii\yanapa2\index.php(13): YiiBase::createWebApplication('C:\xampp\htdocs...')
#6 {main}
REQUEST_URI=/yii/yanapa2/
---
